{"/home/travis/build/npmtest/node-npmtest-react-docgen/test.js":{"path":"/home/travis/build/npmtest/node-npmtest-react-docgen/test.js","s":{"1":2,"2":2,"3":2,"4":2,"5":2,"6":2,"7":2,"8":1,"9":2,"10":2,"11":1,"12":1,"13":1,"14":1,"15":2,"16":2,"17":2,"18":2,"19":1,"20":1,"21":2,"22":2,"23":2,"24":1,"25":1,"26":1,"27":1,"28":1,"29":1,"30":1,"31":1,"32":1,"33":1,"34":1,"35":1,"36":1,"37":1,"38":1,"39":2,"40":2,"41":1,"42":2,"43":2,"44":1,"45":2,"46":2,"47":1,"48":2,"49":2,"50":1,"51":1,"52":1,"53":1,"54":1},"b":{"1":[2,1,1,1],"2":[1,1,1,1],"3":[1,1],"4":[1,1],"5":[1,1],"6":[1,1],"7":[1,1],"8":[1,1],"9":[1,1],"10":[1,1,1],"11":[1,1],"12":[1,1],"13":[1,1],"14":[1,1],"15":[1,1],"16":[1,1],"17":[1,1]},"f":{"1":2,"2":2,"3":2,"4":2,"5":2,"6":1,"7":1,"8":1,"9":2,"10":2,"11":2,"12":2,"13":1},"fnMap":{"1":{"name":"(anonymous_1)","line":12,"loc":{"start":{"line":12,"column":1},"end":{"line":12,"column":13}}},"2":{"name":"(anonymous_2)","line":19,"loc":{"start":{"line":19,"column":5},"end":{"line":19,"column":17}}},"3":{"name":"(anonymous_3)","line":23,"loc":{"start":{"line":23,"column":24},"end":{"line":23,"column":36}}},"4":{"name":"(anonymous_4)","line":61,"loc":{"start":{"line":61,"column":5},"end":{"line":61,"column":17}}},"5":{"name":"(anonymous_5)","line":82,"loc":{"start":{"line":82,"column":5},"end":{"line":82,"column":17}}},"6":{"name":"(anonymous_6)","line":91,"loc":{"start":{"line":91,"column":77},"end":{"line":94,"column":10}}},"7":{"name":"(anonymous_7)","line":112,"loc":{"start":{"line":112,"column":83},"end":{"line":115,"column":10}},"skip":true},"8":{"name":"(anonymous_8)","line":123,"loc":{"start":{"line":123,"column":77},"end":{"line":126,"column":10}},"skip":true},"9":{"name":"(anonymous_9)","line":139,"loc":{"start":{"line":139,"column":12},"end":{"line":139,"column":40}},"skip":true},"10":{"name":"(anonymous_10)","line":147,"loc":{"start":{"line":147,"column":77},"end":{"line":150,"column":10}},"skip":true},"11":{"name":"(anonymous_11)","line":158,"loc":{"start":{"line":158,"column":83},"end":{"line":161,"column":10}},"skip":true},"12":{"name":"(anonymous_12)","line":169,"loc":{"start":{"line":169,"column":79},"end":{"line":172,"column":10}},"skip":true},"13":{"name":"(anonymous_13)","line":180,"loc":{"start":{"line":180,"column":75},"end":{"line":183,"column":10}},"skip":true}},"statementMap":{"1":{"start":{"line":12,"column":0},"end":{"line":195,"column":5}},"2":{"start":{"line":14,"column":4},"end":{"line":14,"column":14}},"3":{"start":{"line":19,"column":4},"end":{"line":56,"column":9}},"4":{"start":{"line":21,"column":8},"end":{"line":21,"column":19}},"5":{"start":{"line":23,"column":8},"end":{"line":35,"column":13}},"6":{"start":{"line":24,"column":12},"end":{"line":34,"column":13}},"7":{"start":{"line":25,"column":16},"end":{"line":28,"column":30}},"8":{"start":{"line":30,"column":16},"end":{"line":33,"column":27}},"9":{"start":{"line":37,"column":8},"end":{"line":39,"column":21}},"10":{"start":{"line":40,"column":8},"end":{"line":53,"column":9}},"11":{"start":{"line":43,"column":12},"end":{"line":46,"column":14}},"12":{"start":{"line":47,"column":12},"end":{"line":47,"column":18}},"13":{"start":{"line":50,"column":12},"end":{"line":51,"column":33}},"14":{"start":{"line":52,"column":12},"end":{"line":52,"column":18}},"15":{"start":{"line":55,"column":8},"end":{"line":55,"column":35}},"16":{"start":{"line":61,"column":4},"end":{"line":63,"column":9}},"17":{"start":{"line":62,"column":8},"end":{"line":62,"column":15}},"18":{"start":{"line":64,"column":4},"end":{"line":77,"column":5}},"19":{"start":{"line":70,"column":8},"end":{"line":70,"column":14}},"20":{"start":{"line":76,"column":8},"end":{"line":76,"column":14}},"21":{"start":{"line":82,"column":4},"end":{"line":84,"column":9}},"22":{"start":{"line":83,"column":8},"end":{"line":83,"column":15}},"23":{"start":{"line":85,"column":4},"end":{"line":194,"column":5}},"24":{"start":{"line":91,"column":8},"end":{"line":99,"column":10}},"25":{"start":{"line":98,"column":12},"end":{"line":98,"column":35}},"26":{"start":{"line":102,"column":8},"end":{"line":104,"column":63}},"27":{"start":{"line":105,"column":8},"end":{"line":105,"column":14}},"28":{"start":{"line":112,"column":8},"end":{"line":121,"column":10},"skip":true},"29":{"start":{"line":119,"column":12},"end":{"line":119,"column":55},"skip":true},"30":{"start":{"line":120,"column":12},"end":{"line":120,"column":48},"skip":true},"31":{"start":{"line":123,"column":8},"end":{"line":136,"column":10},"skip":true},"32":{"start":{"line":130,"column":12},"end":{"line":130,"column":76},"skip":true},"33":{"start":{"line":131,"column":12},"end":{"line":131,"column":73},"skip":true},"34":{"start":{"line":132,"column":12},"end":{"line":132,"column":74},"skip":true},"35":{"start":{"line":133,"column":12},"end":{"line":133,"column":79},"skip":true},"36":{"start":{"line":134,"column":12},"end":{"line":134,"column":25},"skip":true},"37":{"start":{"line":135,"column":12},"end":{"line":135,"column":45},"skip":true},"38":{"start":{"line":138,"column":8},"end":{"line":145,"column":14},"skip":true},"39":{"start":{"line":143,"column":16},"end":{"line":143,"column":29},"skip":true},"40":{"start":{"line":144,"column":16},"end":{"line":144,"column":55},"skip":true},"41":{"start":{"line":147,"column":8},"end":{"line":156,"column":10},"skip":true},"42":{"start":{"line":154,"column":12},"end":{"line":154,"column":25},"skip":true},"43":{"start":{"line":155,"column":12},"end":{"line":155,"column":45},"skip":true},"44":{"start":{"line":158,"column":8},"end":{"line":167,"column":10},"skip":true},"45":{"start":{"line":165,"column":12},"end":{"line":165,"column":25},"skip":true},"46":{"start":{"line":166,"column":12},"end":{"line":166,"column":48},"skip":true},"47":{"start":{"line":169,"column":8},"end":{"line":178,"column":10},"skip":true},"48":{"start":{"line":176,"column":12},"end":{"line":176,"column":25},"skip":true},"49":{"start":{"line":177,"column":12},"end":{"line":177,"column":46},"skip":true},"50":{"start":{"line":180,"column":8},"end":{"line":189,"column":10},"skip":true},"51":{"start":{"line":187,"column":12},"end":{"line":187,"column":94},"skip":true},"52":{"start":{"line":188,"column":12},"end":{"line":188,"column":48},"skip":true},"53":{"start":{"line":192,"column":8},"end":{"line":192,"column":35},"skip":true},"54":{"start":{"line":193,"column":8},"end":{"line":193,"column":14},"skip":true}},"branchMap":{"1":{"line":25,"type":"binary-expr","locations":[{"start":{"line":25,"column":23},"end":{"line":25,"column":62}},{"start":{"line":26,"column":20},"end":{"line":26,"column":70}},{"start":{"line":27,"column":20},"end":{"line":27,"column":71}},{"start":{"line":28,"column":20},"end":{"line":28,"column":29}}]},"2":{"line":30,"type":"binary-expr","locations":[{"start":{"line":30,"column":23},"end":{"line":30,"column":37}},{"start":{"line":31,"column":20},"end":{"line":31,"column":61}},{"start":{"line":32,"column":20},"end":{"line":32,"column":70}},{"start":{"line":33,"column":20},"end":{"line":33,"column":26}}]},"3":{"line":37,"type":"cond-expr","locations":[{"start":{"line":38,"column":14},"end":{"line":38,"column":20}},{"start":{"line":39,"column":14},"end":{"line":39,"column":20}}]},"4":{"line":40,"type":"switch","locations":[{"start":{"line":42,"column":8},"end":{"line":47,"column":18}},{"start":{"line":49,"column":8},"end":{"line":52,"column":18}}]},"5":{"line":44,"type":"binary-expr","locations":[{"start":{"line":44,"column":16},"end":{"line":44,"column":44}},{"start":{"line":44,"column":48},"end":{"line":44,"column":66}}]},"6":{"line":50,"type":"binary-expr","locations":[{"start":{"line":50,"column":21},"end":{"line":50,"column":49}},{"start":{"line":50,"column":53},"end":{"line":50,"column":72}}]},"7":{"line":64,"type":"switch","locations":[{"start":{"line":69,"column":4},"end":{"line":70,"column":14}},{"start":{"line":75,"column":4},"end":{"line":76,"column":14}}]},"8":{"line":85,"type":"switch","locations":[{"start":{"line":90,"column":4},"end":{"line":105,"column":14}},{"start":{"line":111,"column":4},"end":{"line":193,"column":14},"skip":true}]},"9":{"line":91,"type":"binary-expr","locations":[{"start":{"line":91,"column":42},"end":{"line":91,"column":73}},{"start":{"line":91,"column":77},"end":{"line":99,"column":9}}]},"10":{"line":102,"type":"binary-expr","locations":[{"start":{"line":102,"column":18},"end":{"line":102,"column":32}},{"start":{"line":103,"column":12},"end":{"line":103,"column":53}},{"start":{"line":104,"column":12},"end":{"line":104,"column":61}}]},"11":{"line":112,"type":"binary-expr","locations":[{"start":{"line":112,"column":45},"end":{"line":112,"column":79},"skip":true},{"start":{"line":112,"column":83},"end":{"line":121,"column":9},"skip":true}]},"12":{"line":123,"type":"binary-expr","locations":[{"start":{"line":123,"column":42},"end":{"line":123,"column":73},"skip":true},{"start":{"line":123,"column":77},"end":{"line":136,"column":9},"skip":true}]},"13":{"line":138,"type":"binary-expr","locations":[{"start":{"line":138,"column":48},"end":{"line":138,"column":85},"skip":true},{"start":{"line":139,"column":12},"end":{"line":145,"column":13},"skip":true}]},"14":{"line":147,"type":"binary-expr","locations":[{"start":{"line":147,"column":42},"end":{"line":147,"column":73},"skip":true},{"start":{"line":147,"column":77},"end":{"line":156,"column":9},"skip":true}]},"15":{"line":158,"type":"binary-expr","locations":[{"start":{"line":158,"column":45},"end":{"line":158,"column":79},"skip":true},{"start":{"line":158,"column":83},"end":{"line":167,"column":9},"skip":true}]},"16":{"line":169,"type":"binary-expr","locations":[{"start":{"line":169,"column":43},"end":{"line":169,"column":75},"skip":true},{"start":{"line":169,"column":79},"end":{"line":178,"column":9},"skip":true}]},"17":{"line":180,"type":"binary-expr","locations":[{"start":{"line":180,"column":41},"end":{"line":180,"column":71},"skip":true},{"start":{"line":180,"column":75},"end":{"line":189,"column":9},"skip":true}]}},"code":["/* istanbul instrument in package npmtest_react_docgen */","/*jslint","    bitwise: true,","    browser: true,","    maxerr: 8,","    maxlen: 96,","    node: true,","    nomen: true,","    regexp: true,","    stupid: true","*/","(function () {","    'use strict';","    var local;","","","","    // run shared js-env code - pre-init","    (function () {","        // init local","        local = {};","        // init modeJs","        local.modeJs = (function () {","            try {","                return typeof navigator.userAgent === 'string' &&","                    typeof document.querySelector('body') === 'object' &&","                    typeof XMLHttpRequest.prototype.open === 'function' &&","                    'browser';","            } catch (errorCaughtBrowser) {","                return module.exports &&","                    typeof process.versions.node === 'string' &&","                    typeof require('http').createServer === 'function' &&","                    'node';","            }","        }());","        // init global","        local.global = local.modeJs === 'browser'","            ? window","            : global;","        switch (local.modeJs) {","        // re-init local from window.local","        case 'browser':","            local = local.global.utility2.objectSetDefault(","                local.global.utility2_rollup || local.global.local,","                local.global.utility2","            );","            break;","        // re-init local from example.js","        case 'node':","            local = (local.global.utility2_rollup || require('utility2'))","                .requireReadme();","            break;","        }","        // export local","        local.global.local = local;","    }());","","","","    // run shared js-env code - function","    (function () {","        return;","    }());","    switch (local.modeJs) {","","","","    // run browser js-env code - function","    case 'browser':","        break;","","","","    // run node js-env code - function","    case 'node':","        break;","    }","","","","    // run shared js-env code - post-init","    (function () {","        return;","    }());","    switch (local.modeJs) {","","","","    // run browser js-env code - post-init","    case 'browser':","        local.testCase_browser_nullCase = local.testCase_browser_nullCase || function (","            options,","            onError","        ) {","        /*","         * this function will test browsers's null-case handling-behavior-behavior","         */","            onError(null, options);","        };","","        // run tests","        local.nop(local.modeTest &&","            document.querySelector('#testRunButton1') &&","            document.querySelector('#testRunButton1').click());","        break;","","","","    // run node js-env code - post-init","    /* istanbul ignore next */","    case 'node':","        local.testCase_buildApidoc_default = local.testCase_buildApidoc_default || function (","            options,","            onError","        ) {","        /*","         * this function will test buildApidoc's default handling-behavior-behavior","         */","            options = { modulePathList: module.paths };","            local.buildApidoc(options, onError);","        };","","        local.testCase_buildApp_default = local.testCase_buildApp_default || function (","            options,","            onError","        ) {","        /*","         * this function will test buildApp's default handling-behavior-behavior","         */","            local.testCase_buildReadme_default(options, local.onErrorThrow);","            local.testCase_buildLib_default(options, local.onErrorThrow);","            local.testCase_buildTest_default(options, local.onErrorThrow);","            local.testCase_buildCustomOrg_default(options, local.onErrorThrow);","            options = [];","            local.buildApp(options, onError);","        };","","        local.testCase_buildCustomOrg_default = local.testCase_buildCustomOrg_default ||","            function (options, onError) {","            /*","             * this function will test buildCustomOrg's default handling-behavior","             */","                options = {};","                local.buildCustomOrg(options, onError);","            };","","        local.testCase_buildLib_default = local.testCase_buildLib_default || function (","            options,","            onError","        ) {","        /*","         * this function will test buildLib's default handling-behavior","         */","            options = {};","            local.buildLib(options, onError);","        };","","        local.testCase_buildReadme_default = local.testCase_buildReadme_default || function (","            options,","            onError","        ) {","        /*","         * this function will test buildReadme's default handling-behavior-behavior","         */","            options = {};","            local.buildReadme(options, onError);","        };","","        local.testCase_buildTest_default = local.testCase_buildTest_default || function (","            options,","            onError","        ) {","        /*","         * this function will test buildTest's default handling-behavior","         */","            options = {};","            local.buildTest(options, onError);","        };","","        local.testCase_webpage_default = local.testCase_webpage_default || function (","            options,","            onError","        ) {","        /*","         * this function will test webpage's default handling-behavior","         */","            options = { modeCoverageMerge: true, url: local.serverLocalHost + '?modeTest=1' };","            local.browserTest(options, onError);","        };","","        // run test-server","        local.testRunServer(local);","        break;","    }","}());",""],"l":{"12":2,"14":2,"19":2,"21":2,"23":2,"24":2,"25":2,"30":1,"37":2,"40":2,"43":1,"47":1,"50":1,"52":1,"55":2,"61":2,"62":2,"64":2,"70":1,"76":1,"82":2,"83":2,"85":2,"91":1,"98":1,"102":1,"105":1,"112":1,"119":1,"120":1,"123":1,"130":1,"131":1,"132":1,"133":1,"134":1,"135":1,"138":1,"143":2,"144":2,"147":1,"154":2,"155":2,"158":1,"165":2,"166":2,"169":1,"176":2,"177":2,"180":1,"187":1,"188":1,"192":1,"193":1}},"/home/travis/build/npmtest/node-npmtest-react-docgen/lib.npmtest_react_docgen.js":{"path":"/home/travis/build/npmtest/node-npmtest-react-docgen/lib.npmtest_react_docgen.js","s":{"1":2,"2":2,"3":2,"4":2,"5":2,"6":2,"7":2,"8":1,"9":2,"10":2,"11":2,"12":2,"13":1,"14":1,"15":1,"16":1},"b":{"1":[2,1,1,1],"2":[1,1,1,1],"3":[1,1],"4":[2,2],"5":[1,1]},"f":{"1":2,"2":2,"3":2},"fnMap":{"1":{"name":"(anonymous_1)","line":12,"loc":{"start":{"line":12,"column":1},"end":{"line":12,"column":13}}},"2":{"name":"(anonymous_2)","line":19,"loc":{"start":{"line":19,"column":5},"end":{"line":19,"column":17}}},"3":{"name":"(anonymous_3)","line":23,"loc":{"start":{"line":23,"column":24},"end":{"line":23,"column":36}}}},"statementMap":{"1":{"start":{"line":12,"column":0},"end":{"line":53,"column":5}},"2":{"start":{"line":14,"column":4},"end":{"line":14,"column":14}},"3":{"start":{"line":19,"column":4},"end":{"line":52,"column":9}},"4":{"start":{"line":21,"column":8},"end":{"line":21,"column":19}},"5":{"start":{"line":23,"column":8},"end":{"line":35,"column":13}},"6":{"start":{"line":24,"column":12},"end":{"line":34,"column":13}},"7":{"start":{"line":25,"column":16},"end":{"line":28,"column":30}},"8":{"start":{"line":30,"column":16},"end":{"line":33,"column":27}},"9":{"start":{"line":37,"column":8},"end":{"line":39,"column":21}},"10":{"start":{"line":41,"column":8},"end":{"line":41,"column":54}},"11":{"start":{"line":43,"column":8},"end":{"line":43,"column":57}},"12":{"start":{"line":45,"column":8},"end":{"line":51,"column":9}},"13":{"start":{"line":46,"column":12},"end":{"line":46,"column":63}},"14":{"start":{"line":48,"column":12},"end":{"line":48,"column":35}},"15":{"start":{"line":49,"column":12},"end":{"line":49,"column":49}},"16":{"start":{"line":50,"column":12},"end":{"line":50,"column":43}}},"branchMap":{"1":{"line":25,"type":"binary-expr","locations":[{"start":{"line":25,"column":23},"end":{"line":25,"column":62}},{"start":{"line":26,"column":20},"end":{"line":26,"column":70}},{"start":{"line":27,"column":20},"end":{"line":27,"column":71}},{"start":{"line":28,"column":20},"end":{"line":28,"column":29}}]},"2":{"line":30,"type":"binary-expr","locations":[{"start":{"line":30,"column":23},"end":{"line":30,"column":37}},{"start":{"line":31,"column":20},"end":{"line":31,"column":61}},{"start":{"line":32,"column":20},"end":{"line":32,"column":70}},{"start":{"line":33,"column":20},"end":{"line":33,"column":26}}]},"3":{"line":37,"type":"cond-expr","locations":[{"start":{"line":38,"column":14},"end":{"line":38,"column":20}},{"start":{"line":39,"column":14},"end":{"line":39,"column":20}}]},"4":{"line":41,"type":"binary-expr","locations":[{"start":{"line":41,"column":16},"end":{"line":41,"column":44}},{"start":{"line":41,"column":48},"end":{"line":41,"column":53}}]},"5":{"line":45,"type":"if","locations":[{"start":{"line":45,"column":8},"end":{"line":45,"column":8}},{"start":{"line":45,"column":8},"end":{"line":45,"column":8}}]}},"code":["/* istanbul instrument in package npmtest_react_docgen */","/*jslint","    bitwise: true,","    browser: true,","    maxerr: 8,","    maxlen: 96,","    node: true,","    nomen: true,","    regexp: true,","    stupid: true","*/","(function () {","    'use strict';","    var local;","","","","    // run shared js-env code - pre-init","    (function () {","        // init local","        local = {};","        // init modeJs","        local.modeJs = (function () {","            try {","                return typeof navigator.userAgent === 'string' &&","                    typeof document.querySelector('body') === 'object' &&","                    typeof XMLHttpRequest.prototype.open === 'function' &&","                    'browser';","            } catch (errorCaughtBrowser) {","                return module.exports &&","                    typeof process.versions.node === 'string' &&","                    typeof require('http').createServer === 'function' &&","                    'node';","            }","        }());","        // init global","        local.global = local.modeJs === 'browser'","            ? window","            : global;","        // init utility2_rollup","        local = local.global.utility2_rollup || local;","        // init lib","        local.local = local.npmtest_react_docgen = local;","        // init exports","        if (local.modeJs === 'browser') {","            local.global.utility2_npmtest_react_docgen = local;","        } else {","            module.exports = local;","            module.exports.__dirname = __dirname;","            module.exports.module = module;","        }","    }());","}());",""],"l":{"12":2,"14":2,"19":2,"21":2,"23":2,"24":2,"25":2,"30":1,"37":2,"41":2,"43":2,"45":2,"46":1,"48":1,"49":1,"50":1}},"/home/travis/build/npmtest/node-npmtest-react-docgen/example.js":{"path":"/home/travis/build/npmtest/node-npmtest-react-docgen/example.js","s":{"1":2,"2":2,"3":2,"4":2,"5":2,"6":2,"7":2,"8":1,"9":2,"10":2,"11":2,"12":2,"13":1,"14":2,"15":2,"16":2,"17":2,"18":2,"19":0,"20":2,"21":1,"22":1,"23":1,"24":1,"25":1,"26":0,"27":0,"28":1,"29":1,"30":2,"31":0,"32":0,"33":0,"34":1,"35":2,"36":2,"37":3,"38":3,"39":3,"40":3,"41":0,"42":3,"43":3,"44":3,"45":1,"46":3,"47":1,"48":1,"49":1,"50":1,"51":1,"52":1,"53":1,"54":1,"55":1,"56":1,"57":0,"58":1,"59":6,"60":6,"61":1,"62":2,"63":0,"64":2,"65":1,"66":1,"67":0,"68":0,"69":0,"70":0,"71":0,"72":0,"73":0,"74":0,"75":0,"76":0,"77":0,"78":0,"79":0,"80":0,"81":0,"82":0,"83":0},"b":{"1":[2,1,1,1],"2":[1,1,1,1],"3":[1,1],"4":[2,2],"5":[1,1],"6":[1,1],"7":[2,0],"8":[2,1,1,1,1,1],"9":[0,2,0],"10":[1,1],"11":[2,1,1],"12":[1,0],"13":[0,2],"14":[2,0,0,0,0,0,0],"15":[0,3],"16":[3,0],"17":[1,1],"18":[0,1],"19":[1,2,0,2],"20":[1,0],"21":[1,1],"22":[0,0],"23":[0,0],"24":[0,0],"25":[0,0],"26":[0,0],"27":[0,0],"28":[0,0]},"f":{"1":2,"2":2,"3":2,"4":2,"5":2,"6":2,"7":3,"8":3,"9":3,"10":1,"11":6,"12":0},"fnMap":{"1":{"name":"(anonymous_1)","line":26,"loc":{"start":{"line":26,"column":1},"end":{"line":26,"column":13}}},"2":{"name":"(anonymous_2)","line":33,"loc":{"start":{"line":33,"column":5},"end":{"line":33,"column":17}}},"3":{"name":"(anonymous_3)","line":37,"loc":{"start":{"line":37,"column":24},"end":{"line":37,"column":36}}},"4":{"name":"(anonymous_4)","line":69,"loc":{"start":{"line":69,"column":31},"end":{"line":69,"column":48}},"skip":true},"5":{"name":"(anonymous_5)","line":78,"loc":{"start":{"line":78,"column":26},"end":{"line":78,"column":45}},"skip":true},"6":{"name":"(anonymous_6)","line":123,"loc":{"start":{"line":123,"column":33},"end":{"line":123,"column":48}},"skip":true},"7":{"name":"(anonymous_7)","line":125,"loc":{"start":{"line":125,"column":27},"end":{"line":125,"column":39}},"skip":true},"8":{"name":"(anonymous_8)","line":133,"loc":{"start":{"line":133,"column":59},"end":{"line":133,"column":74}},"skip":true},"9":{"name":"(anonymous_9)","line":143,"loc":{"start":{"line":143,"column":45},"end":{"line":143,"column":62}},"skip":true},"10":{"name":"(anonymous_10)","line":144,"loc":{"start":{"line":144,"column":73},"end":{"line":144,"column":92}},"skip":true},"11":{"name":"(anonymous_11)","line":272,"loc":{"start":{"line":272,"column":51},"end":{"line":272,"column":77}},"skip":true},"12":{"name":"(anonymous_12)","line":315,"loc":{"start":{"line":315,"column":32},"end":{"line":315,"column":61}},"skip":true}},"statementMap":{"1":{"start":{"line":26,"column":0},"end":{"line":326,"column":5}},"2":{"start":{"line":28,"column":4},"end":{"line":28,"column":14}},"3":{"start":{"line":33,"column":4},"end":{"line":60,"column":9}},"4":{"start":{"line":35,"column":8},"end":{"line":35,"column":19}},"5":{"start":{"line":37,"column":8},"end":{"line":49,"column":13}},"6":{"start":{"line":38,"column":12},"end":{"line":48,"column":13}},"7":{"start":{"line":39,"column":16},"end":{"line":42,"column":30}},"8":{"start":{"line":44,"column":16},"end":{"line":47,"column":27}},"9":{"start":{"line":51,"column":8},"end":{"line":53,"column":21}},"10":{"start":{"line":55,"column":8},"end":{"line":57,"column":45}},"11":{"start":{"line":59,"column":8},"end":{"line":59,"column":35}},"12":{"start":{"line":61,"column":4},"end":{"line":325,"column":5}},"13":{"start":{"line":69,"column":8},"end":{"line":121,"column":10},"skip":true},"14":{"start":{"line":70,"column":12},"end":{"line":88,"column":13},"skip":true},"15":{"start":{"line":76,"column":16},"end":{"line":87,"column":19},"skip":true},"16":{"start":{"line":79,"column":20},"end":{"line":86,"column":21},"skip":true},"17":{"start":{"line":82,"column":24},"end":{"line":82,"column":43},"skip":true},"18":{"start":{"line":83,"column":24},"end":{"line":83,"column":30},"skip":true},"19":{"start":{"line":85,"column":24},"end":{"line":85,"column":49},"skip":true},"20":{"start":{"line":89,"column":12},"end":{"line":107,"column":13},"skip":true},"21":{"start":{"line":92,"column":16},"end":{"line":102,"column":17},"skip":true},"22":{"start":{"line":93,"column":20},"end":{"line":93,"column":86},"skip":true},"23":{"start":{"line":94,"column":20},"end":{"line":95,"column":45},"skip":true},"24":{"start":{"line":96,"column":20},"end":{"line":96,"column":42},"skip":true},"25":{"start":{"line":97,"column":20},"end":{"line":97,"column":48},"skip":true},"26":{"start":{"line":100,"column":20},"end":{"line":100,"column":85},"skip":true},"27":{"start":{"line":101,"column":20},"end":{"line":101,"column":96},"skip":true},"28":{"start":{"line":103,"column":16},"end":{"line":103,"column":22},"skip":true},"29":{"start":{"line":106,"column":16},"end":{"line":106,"column":22},"skip":true},"30":{"start":{"line":108,"column":12},"end":{"line":120,"column":13},"skip":true},"31":{"start":{"line":114,"column":16},"end":{"line":119,"column":17},"skip":true},"32":{"start":{"line":116,"column":20},"end":{"line":116,"column":78},"skip":true},"33":{"start":{"line":118,"column":20},"end":{"line":118,"column":47},"skip":true},"34":{"start":{"line":123,"column":8},"end":{"line":141,"column":11},"skip":true},"35":{"start":{"line":124,"column":12},"end":{"line":124,"column":54},"skip":true},"36":{"start":{"line":125,"column":12},"end":{"line":140,"column":14},"skip":true},"37":{"start":{"line":126,"column":16},"end":{"line":126,"column":28},"skip":true},"38":{"start":{"line":127,"column":16},"end":{"line":127,"column":69},"skip":true},"39":{"start":{"line":128,"column":16},"end":{"line":128,"column":75},"skip":true},"40":{"start":{"line":129,"column":16},"end":{"line":131,"column":17},"skip":true},"41":{"start":{"line":130,"column":20},"end":{"line":130,"column":27},"skip":true},"42":{"start":{"line":133,"column":16},"end":{"line":137,"column":36},"skip":true},"43":{"start":{"line":134,"column":20},"end":{"line":136,"column":55},"skip":true},"44":{"start":{"line":139,"column":16},"end":{"line":139,"column":57},"skip":true},"45":{"start":{"line":143,"column":8},"end":{"line":147,"column":11},"skip":true},"46":{"start":{"line":144,"column":12},"end":{"line":146,"column":15},"skip":true},"47":{"start":{"line":145,"column":16},"end":{"line":145,"column":70},"skip":true},"48":{"start":{"line":149,"column":8},"end":{"line":149,"column":31},"skip":true},"49":{"start":{"line":150,"column":8},"end":{"line":150,"column":14},"skip":true},"50":{"start":{"line":158,"column":8},"end":{"line":158,"column":31},"skip":true},"51":{"start":{"line":160,"column":8},"end":{"line":160,"column":33},"skip":true},"52":{"start":{"line":161,"column":8},"end":{"line":161,"column":37},"skip":true},"53":{"start":{"line":162,"column":8},"end":{"line":162,"column":35},"skip":true},"54":{"start":{"line":164,"column":8},"end":{"line":164,"column":50},"skip":true},"55":{"start":{"line":166,"column":8},"end":{"line":256,"column":2},"skip":true},"56":{"start":{"line":258,"column":8},"end":{"line":286,"column":9},"skip":true},"57":{"start":{"line":259,"column":12},"end":{"line":269,"column":14},"skip":true},"58":{"start":{"line":271,"column":12},"end":{"line":285,"column":19},"skip":true},"59":{"start":{"line":274,"column":20},"end":{"line":274,"column":35},"skip":true},"60":{"start":{"line":275,"column":20},"end":{"line":284,"column":21},"skip":true},"61":{"start":{"line":277,"column":24},"end":{"line":277,"column":64},"skip":true},"62":{"start":{"line":279,"column":24},"end":{"line":279,"column":40},"skip":true},"63":{"start":{"line":281,"column":24},"end":{"line":281,"column":40},"skip":true},"64":{"start":{"line":283,"column":24},"end":{"line":283,"column":39},"skip":true},"65":{"start":{"line":288,"column":8},"end":{"line":290,"column":9},"skip":true},"66":{"start":{"line":289,"column":12},"end":{"line":289,"column":18},"skip":true},"67":{"start":{"line":291,"column":8},"end":{"line":293,"column":54},"skip":true},"68":{"start":{"line":296,"column":8},"end":{"line":301,"column":37},"skip":true},"69":{"start":{"line":303,"column":8},"end":{"line":303,"column":82},"skip":true},"70":{"start":{"line":306,"column":8},"end":{"line":308,"column":9},"skip":true},"71":{"start":{"line":307,"column":12},"end":{"line":307,"column":82},"skip":true},"72":{"start":{"line":310,"column":8},"end":{"line":312,"column":9},"skip":true},"73":{"start":{"line":311,"column":12},"end":{"line":311,"column":18},"skip":true},"74":{"start":{"line":313,"column":8},"end":{"line":313,"column":54},"skip":true},"75":{"start":{"line":314,"column":8},"end":{"line":314,"column":69},"skip":true},"76":{"start":{"line":315,"column":8},"end":{"line":323,"column":36},"skip":true},"77":{"start":{"line":316,"column":12},"end":{"line":316,"column":61},"skip":true},"78":{"start":{"line":317,"column":12},"end":{"line":320,"column":13},"skip":true},"79":{"start":{"line":318,"column":16},"end":{"line":318,"column":75},"skip":true},"80":{"start":{"line":319,"column":16},"end":{"line":319,"column":23},"skip":true},"81":{"start":{"line":321,"column":12},"end":{"line":321,"column":38},"skip":true},"82":{"start":{"line":322,"column":12},"end":{"line":322,"column":27},"skip":true},"83":{"start":{"line":324,"column":8},"end":{"line":324,"column":14},"skip":true}},"branchMap":{"1":{"line":39,"type":"binary-expr","locations":[{"start":{"line":39,"column":23},"end":{"line":39,"column":62}},{"start":{"line":40,"column":20},"end":{"line":40,"column":70}},{"start":{"line":41,"column":20},"end":{"line":41,"column":71}},{"start":{"line":42,"column":20},"end":{"line":42,"column":29}}]},"2":{"line":44,"type":"binary-expr","locations":[{"start":{"line":44,"column":23},"end":{"line":44,"column":37}},{"start":{"line":45,"column":20},"end":{"line":45,"column":61}},{"start":{"line":46,"column":20},"end":{"line":46,"column":70}},{"start":{"line":47,"column":20},"end":{"line":47,"column":26}}]},"3":{"line":51,"type":"cond-expr","locations":[{"start":{"line":52,"column":14},"end":{"line":52,"column":20}},{"start":{"line":53,"column":14},"end":{"line":53,"column":20}}]},"4":{"line":55,"type":"binary-expr","locations":[{"start":{"line":55,"column":16},"end":{"line":55,"column":44}},{"start":{"line":55,"column":49},"end":{"line":57,"column":43}}]},"5":{"line":55,"type":"cond-expr","locations":[{"start":{"line":56,"column":14},"end":{"line":56,"column":56}},{"start":{"line":57,"column":14},"end":{"line":57,"column":43}}]},"6":{"line":61,"type":"switch","locations":[{"start":{"line":68,"column":4},"end":{"line":150,"column":14},"skip":true},{"start":{"line":156,"column":4},"end":{"line":324,"column":14},"skip":true}]},"7":{"line":70,"type":"if","locations":[{"start":{"line":70,"column":12},"end":{"line":70,"column":12},"skip":true},{"start":{"line":70,"column":12},"end":{"line":70,"column":12},"skip":true}]},"8":{"line":70,"type":"binary-expr","locations":[{"start":{"line":70,"column":16},"end":{"line":70,"column":22},"skip":true},{"start":{"line":70,"column":27},"end":{"line":70,"column":32},"skip":true},{"start":{"line":71,"column":20},"end":{"line":71,"column":39},"skip":true},{"start":{"line":72,"column":20},"end":{"line":72,"column":49},"skip":true},{"start":{"line":73,"column":20},"end":{"line":73,"column":58},"skip":true},{"start":{"line":74,"column":20},"end":{"line":74,"column":69},"skip":true}]},"9":{"line":79,"type":"switch","locations":[{"start":{"line":80,"column":20},"end":{"line":80,"column":33},"skip":true},{"start":{"line":81,"column":20},"end":{"line":83,"column":30},"skip":true},{"start":{"line":84,"column":20},"end":{"line":85,"column":49},"skip":true}]},"10":{"line":89,"type":"switch","locations":[{"start":{"line":90,"column":12},"end":{"line":103,"column":22},"skip":true},{"start":{"line":105,"column":12},"end":{"line":106,"column":22},"skip":true}]},"11":{"line":89,"type":"binary-expr","locations":[{"start":{"line":89,"column":20},"end":{"line":89,"column":25},"skip":true},{"start":{"line":89,"column":29},"end":{"line":89,"column":48},"skip":true},{"start":{"line":89,"column":52},"end":{"line":89,"column":74},"skip":true}]},"12":{"line":92,"type":"if","locations":[{"start":{"line":92,"column":16},"end":{"line":92,"column":16},"skip":true},{"start":{"line":92,"column":16},"end":{"line":92,"column":16},"skip":true}]},"13":{"line":108,"type":"if","locations":[{"start":{"line":108,"column":12},"end":{"line":108,"column":12},"skip":true},{"start":{"line":108,"column":12},"end":{"line":108,"column":12},"skip":true}]},"14":{"line":108,"type":"binary-expr","locations":[{"start":{"line":108,"column":16},"end":{"line":108,"column":61},"skip":true},{"start":{"line":108,"column":66},"end":{"line":108,"column":72},"skip":true},{"start":{"line":108,"column":77},"end":{"line":108,"column":82},"skip":true},{"start":{"line":109,"column":20},"end":{"line":109,"column":39},"skip":true},{"start":{"line":110,"column":20},"end":{"line":110,"column":49},"skip":true},{"start":{"line":111,"column":20},"end":{"line":111,"column":58},"skip":true},{"start":{"line":112,"column":20},"end":{"line":112,"column":68},"skip":true}]},"15":{"line":129,"type":"if","locations":[{"start":{"line":129,"column":16},"end":{"line":129,"column":16},"skip":true},{"start":{"line":129,"column":16},"end":{"line":129,"column":16},"skip":true}]},"16":{"line":134,"type":"cond-expr","locations":[{"start":{"line":135,"column":26},"end":{"line":135,"column":29},"skip":true},{"start":{"line":136,"column":26},"end":{"line":136,"column":54},"skip":true}]},"17":{"line":164,"type":"binary-expr","locations":[{"start":{"line":164,"column":27},"end":{"line":164,"column":43},"skip":true},{"start":{"line":164,"column":47},"end":{"line":164,"column":49},"skip":true}]},"18":{"line":258,"type":"if","locations":[{"start":{"line":258,"column":8},"end":{"line":258,"column":8},"skip":true},{"start":{"line":258,"column":8},"end":{"line":258,"column":8},"skip":true}]},"19":{"line":275,"type":"switch","locations":[{"start":{"line":276,"column":20},"end":{"line":277,"column":64},"skip":true},{"start":{"line":278,"column":20},"end":{"line":279,"column":40},"skip":true},{"start":{"line":280,"column":20},"end":{"line":281,"column":40},"skip":true},{"start":{"line":282,"column":20},"end":{"line":283,"column":39},"skip":true}]},"20":{"line":288,"type":"if","locations":[{"start":{"line":288,"column":8},"end":{"line":288,"column":8},"skip":true},{"start":{"line":288,"column":8},"end":{"line":288,"column":8},"skip":true}]},"21":{"line":288,"type":"binary-expr","locations":[{"start":{"line":288,"column":12},"end":{"line":288,"column":40},"skip":true},{"start":{"line":288,"column":44},"end":{"line":288,"column":67},"skip":true}]},"22":{"line":292,"type":"binary-expr","locations":[{"start":{"line":292,"column":12},"end":{"line":292,"column":50},"skip":true},{"start":{"line":293,"column":12},"end":{"line":293,"column":53},"skip":true}]},"23":{"line":297,"type":"binary-expr","locations":[{"start":{"line":297,"column":12},"end":{"line":297,"column":70},"skip":true},{"start":{"line":298,"column":12},"end":{"line":301,"column":36},"skip":true}]},"24":{"line":303,"type":"binary-expr","locations":[{"start":{"line":303,"column":43},"end":{"line":303,"column":75},"skip":true},{"start":{"line":303,"column":79},"end":{"line":303,"column":81},"skip":true}]},"25":{"line":306,"type":"if","locations":[{"start":{"line":306,"column":8},"end":{"line":306,"column":8},"skip":true},{"start":{"line":306,"column":8},"end":{"line":306,"column":8},"skip":true}]},"26":{"line":310,"type":"if","locations":[{"start":{"line":310,"column":8},"end":{"line":310,"column":8},"skip":true},{"start":{"line":310,"column":8},"end":{"line":310,"column":8},"skip":true}]},"27":{"line":313,"type":"binary-expr","locations":[{"start":{"line":313,"column":27},"end":{"line":313,"column":43},"skip":true},{"start":{"line":313,"column":47},"end":{"line":313,"column":53},"skip":true}]},"28":{"line":317,"type":"if","locations":[{"start":{"line":317,"column":12},"end":{"line":317,"column":12},"skip":true},{"start":{"line":317,"column":12},"end":{"line":317,"column":12},"skip":true}]}},"code":["/*","example.js","","quickstart example","","instruction","    1. save this script as example.js","    2. run the shell command:","        $ npm install npmtest-react-docgen && PORT=8081 node example.js","    3. play with the browser-demo on http://127.0.0.1:8081","*/","","","","/* istanbul instrument in package npmtest_react_docgen */","/*jslint","    bitwise: true,","    browser: true,","    maxerr: 8,","    maxlen: 96,","    node: true,","    nomen: true,","    regexp: true,","    stupid: true","*/","(function () {","    'use strict';","    var local;","","","","    // run shared js-env code - pre-init","    (function () {","        // init local","        local = {};","        // init modeJs","        local.modeJs = (function () {","            try {","                return typeof navigator.userAgent === 'string' &&","                    typeof document.querySelector('body') === 'object' &&","                    typeof XMLHttpRequest.prototype.open === 'function' &&","                    'browser';","            } catch (errorCaughtBrowser) {","                return module.exports &&","                    typeof process.versions.node === 'string' &&","                    typeof require('http').createServer === 'function' &&","                    'node';","            }","        }());","        // init global","        local.global = local.modeJs === 'browser'","            ? window","            : global;","        // init utility2_rollup","        local = local.global.utility2_rollup || (local.modeJs === 'browser'","            ? local.global.utility2_npmtest_react_docgen","            : global.utility2_moduleExports);","        // export local","        local.global.local = local;","    }());","    switch (local.modeJs) {","","","","    // post-init","    // run browser js-env code - post-init","    /* istanbul ignore next */","    case 'browser':","        local.testRunBrowser = function (event) {","            if (!event || (event &&","                    event.currentTarget &&","                    event.currentTarget.className &&","                    event.currentTarget.className.includes &&","                    event.currentTarget.className.includes('onreset'))) {","                // reset output","                Array.from(","                    document.querySelectorAll('body > .resettable')","                ).forEach(function (element) {","                    switch (element.tagName) {","                    case 'INPUT':","                    case 'TEXTAREA':","                        element.value = '';","                        break;","                    default:","                        element.textContent = '';","                    }","                });","            }","            switch (event && event.currentTarget && event.currentTarget.id) {","            case 'testRunButton1':","                // show tests","                if (document.querySelector('#testReportDiv1').style.display === 'none') {","                    document.querySelector('#testReportDiv1').style.display = 'block';","                    document.querySelector('#testRunButton1').textContent =","                        'hide internal test';","                    local.modeTest = true;","                    local.testRunDefault(local);","                // hide tests","                } else {","                    document.querySelector('#testReportDiv1').style.display = 'none';","                    document.querySelector('#testRunButton1').textContent = 'run internal test';","                }","                break;","            // custom-case","            default:","                break;","            }","            if (document.querySelector('#inputTextareaEval1') && (!event || (event &&","                    event.currentTarget &&","                    event.currentTarget.className &&","                    event.currentTarget.className.includes &&","                    event.currentTarget.className.includes('oneval')))) {","                // try to eval input-code","                try {","                    /*jslint evil: true*/","                    eval(document.querySelector('#inputTextareaEval1').value);","                } catch (errorCaught) {","                    console.error(errorCaught);","                }","            }","        };","        // log stderr and stdout to #outputTextareaStdout1","        ['error', 'log'].forEach(function (key) {","            console[key + '_original'] = console[key];","            console[key] = function () {","                var element;","                console[key + '_original'].apply(console, arguments);","                element = document.querySelector('#outputTextareaStdout1');","                if (!element) {","                    return;","                }","                // append text to #outputTextareaStdout1","                element.value += Array.from(arguments).map(function (arg) {","                    return typeof arg === 'string'","                        ? arg","                        : JSON.stringify(arg, null, 4);","                }).join(' ') + '\\n';","                // scroll textarea to bottom","                element.scrollTop = element.scrollHeight;","            };","        });","        // init event-handling","        ['change', 'click', 'keyup'].forEach(function (event) {","            Array.from(document.querySelectorAll('.on' + event)).forEach(function (element) {","                element.addEventListener(event, local.testRunBrowser);","            });","        });","        // run tests","        local.testRunBrowser();","        break;","","","","    // run node js-env code - post-init","    /* istanbul ignore next */","    case 'node':","        // export local","        module.exports = local;","        // require modules","        local.fs = require('fs');","        local.http = require('http');","        local.url = require('url');","        // init assets","        local.assetsDict = local.assetsDict || {};","        /* jslint-ignore-begin */","        local.assetsDict['/assets.index.template.html'] = '\\","<!doctype html>\\n\\","<html lang=\"en\">\\n\\","<head>\\n\\","<meta charset=\"UTF-8\">\\n\\","<meta name=\"viewport\" content=\"width=device-width, initial-scale=1\">\\n\\","<title>{{env.npm_package_name}} (v{{env.npm_package_version}})</title>\\n\\","<style>\\n\\","/*csslint\\n\\","    box-sizing: false,\\n\\","    universal-selector: false\\n\\","*/\\n\\","* {\\n\\","    box-sizing: border-box;\\n\\","}\\n\\","body {\\n\\","    background: #dde;\\n\\","    font-family: Arial, Helvetica, sans-serif;\\n\\","    margin: 2rem;\\n\\","}\\n\\","body > * {\\n\\","    margin-bottom: 1rem;\\n\\","}\\n\\",".utility2FooterDiv {\\n\\","    margin-top: 20px;\\n\\","    text-align: center;\\n\\","}\\n\\","</style>\\n\\","<style>\\n\\","/*csslint\\n\\","*/\\n\\","textarea {\\n\\","    font-family: monospace;\\n\\","    height: 10rem;\\n\\","    width: 100%;\\n\\","}\\n\\","textarea[readonly] {\\n\\","    background: #ddd;\\n\\","}\\n\\","</style>\\n\\","</head>\\n\\","<body>\\n\\","<!-- utility2-comment\\n\\","<div id=\"ajaxProgressDiv1\" style=\"background: #d00; height: 2px; left: 0; margin: 0; padding: 0; position: fixed; top: 0; transition: background 0.5s, width 1.5s; width: 25%;\"></div>\\n\\","utility2-comment -->\\n\\","<h1>\\n\\","<!-- utility2-comment\\n\\","    <a\\n\\","        {{#if env.npm_package_homepage}}\\n\\","        href=\"{{env.npm_package_homepage}}\"\\n\\","        {{/if env.npm_package_homepage}}\\n\\","        target=\"_blank\"\\n\\","    >\\n\\","utility2-comment -->\\n\\","        {{env.npm_package_name}} (v{{env.npm_package_version}})\\n\\","<!-- utility2-comment\\n\\","    </a>\\n\\","utility2-comment -->\\n\\","</h1>\\n\\","<h3>{{env.npm_package_description}}</h3>\\n\\","<!-- utility2-comment\\n\\","<h4><a download href=\"assets.app.js\">download standalone app</a></h4>\\n\\","<button class=\"onclick onreset\" id=\"testRunButton1\">run internal test</button><br>\\n\\","<div id=\"testReportDiv1\" style=\"display: none;\"></div>\\n\\","utility2-comment -->\\n\\","\\n\\","\\n\\","\\n\\","<label>stderr and stdout</label>\\n\\","<textarea class=\"resettable\" id=\"outputTextareaStdout1\" readonly></textarea>\\n\\","<!-- utility2-comment\\n\\","{{#if isRollup}}\\n\\","<script src=\"assets.app.js\"></script>\\n\\","{{#unless isRollup}}\\n\\","utility2-comment -->\\n\\","<script src=\"assets.utility2.rollup.js\"></script>\\n\\","<script src=\"jsonp.utility2._stateInit?callback=window.utility2._stateInit\"></script>\\n\\","<script src=\"assets.npmtest_react_docgen.rollup.js\"></script>\\n\\","<script src=\"assets.example.js\"></script>\\n\\","<script src=\"assets.test.js\"></script>\\n\\","<!-- utility2-comment\\n\\","{{/if isRollup}}\\n\\","utility2-comment -->\\n\\","<div class=\"utility2FooterDiv\">\\n\\","    [ this app was created with\\n\\","    <a href=\"https://github.com/kaizhu256/node-utility2\" target=\"_blank\">utility2</a>\\n\\","    ]\\n\\","</div>\\n\\","</body>\\n\\","</html>\\n\\","';","        /* jslint-ignore-end */","        if (local.templateRender) {","            local.assetsDict['/'] = local.templateRender(","                local.assetsDict['/assets.index.template.html'],","                {","                    env: local.objectSetDefault(local.env, {","                        npm_package_description: 'the greatest app in the world!',","                        npm_package_name: 'my-app',","                        npm_package_nameAlias: 'my_app',","                        npm_package_version: '0.0.1'","                    })","                }","            );","        } else {","            local.assetsDict['/'] = local.assetsDict['/assets.index.template.html']","                .replace((/\\{\\{env\\.(\\w+?)\\}\\}/g), function (match0, match1) {","                    // jslint-hack","                    String(match0);","                    switch (match1) {","                    case 'npm_package_description':","                        return 'the greatest app in the world!';","                    case 'npm_package_name':","                        return 'my-app';","                    case 'npm_package_nameAlias':","                        return 'my_app';","                    case 'npm_package_version':","                        return '0.0.1';","                    }","                });","        }","        // run the cli","        if (local.global.utility2_rollup || module !== require.main) {","            break;","        }","        local.assetsDict['/assets.example.js'] =","            local.assetsDict['/assets.example.js'] ||","            local.fs.readFileSync(__filename, 'utf8');","        // bug-workaround - long $npm_package_buildCustomOrg","        /* jslint-ignore-begin */","        local.assetsDict['/assets.npmtest_react_docgen.rollup.js'] =","            local.assetsDict['/assets.npmtest_react_docgen.rollup.js'] ||","            local.fs.readFileSync(","                local.npmtest_react_docgen.__dirname + '/lib.npmtest_react_docgen.js',","                'utf8'","            ).replace((/^#!/), '//');","        /* jslint-ignore-end */","        local.assetsDict['/favicon.ico'] = local.assetsDict['/favicon.ico'] || '';","        // if $npm_config_timeout_exit exists,","        // then exit this process after $npm_config_timeout_exit ms","        if (Number(process.env.npm_config_timeout_exit)) {","            setTimeout(process.exit, Number(process.env.npm_config_timeout_exit));","        }","        // start server","        if (local.global.utility2_serverHttp1) {","            break;","        }","        process.env.PORT = process.env.PORT || '8081';","        console.error('server starting on port ' + process.env.PORT);","        local.http.createServer(function (request, response) {","            request.urlParsed = local.url.parse(request.url);","            if (local.assetsDict[request.urlParsed.pathname] !== undefined) {","                response.end(local.assetsDict[request.urlParsed.pathname]);","                return;","            }","            response.statusCode = 404;","            response.end();","        }).listen(process.env.PORT);","        break;","    }","}());",""],"l":{"26":2,"28":2,"33":2,"35":2,"37":2,"38":2,"39":2,"44":1,"51":2,"55":2,"59":2,"61":2,"69":1,"70":2,"76":2,"79":2,"82":2,"83":2,"85":1,"89":2,"92":1,"93":1,"94":1,"96":1,"97":1,"100":1,"101":1,"103":1,"106":1,"108":2,"114":1,"116":1,"118":1,"123":1,"124":2,"125":2,"126":3,"127":3,"128":3,"129":3,"130":1,"133":3,"134":3,"139":3,"143":1,"144":3,"145":1,"149":1,"150":1,"158":1,"160":1,"161":1,"162":1,"164":1,"166":1,"258":1,"259":1,"271":1,"274":6,"275":6,"277":1,"279":2,"281":1,"283":2,"288":1,"289":1,"291":1,"296":1,"303":1,"306":1,"307":1,"310":1,"311":1,"313":1,"314":1,"315":1,"316":1,"317":1,"318":1,"319":1,"321":1,"322":1,"324":1}},"/home/travis/build/npmtest/node-npmtest-react-docgen/node_modules/react-docgen/dist/main.js":{"path":"/home/travis/build/npmtest/node-npmtest-react-docgen/node_modules/react-docgen/dist/main.js","s":{"1":1,"2":1,"3":1,"4":1,"5":1,"6":1,"7":1,"8":1,"9":1,"10":1,"11":1,"12":1,"13":1,"14":3,"15":3,"16":0,"17":0,"18":0,"19":0,"20":0,"21":0,"22":0,"23":1,"24":1,"25":1,"26":0,"27":0,"28":0,"29":0,"30":0,"31":1,"32":1,"33":1,"34":1,"35":1},"b":{"1":[1,0],"2":[1,1],"3":[3,0],"4":[3,3],"5":[0,0],"6":[0,0],"7":[0,0],"8":[0,0]},"f":{"1":1,"2":3,"3":0},"fnMap":{"1":{"name":"_interopRequireDefault","line":24,"loc":{"start":{"line":24,"column":0},"end":{"line":24,"column":37}}},"2":{"name":"_interopRequireWildcard","line":26,"loc":{"start":{"line":26,"column":0},"end":{"line":26,"column":38}}},"3":{"name":"defaultParse","line":55,"loc":{"start":{"line":55,"column":0},"end":{"line":58,"column":2}}}},"statementMap":{"1":{"start":{"line":3,"column":0},"end":{"line":5,"column":3}},"2":{"start":{"line":6,"column":0},"end":{"line":6,"column":106}},"3":{"start":{"line":8,"column":0},"end":{"line":8,"column":38}},"4":{"start":{"line":10,"column":0},"end":{"line":10,"column":50}},"5":{"start":{"line":12,"column":0},"end":{"line":12,"column":32}},"6":{"start":{"line":14,"column":0},"end":{"line":14,"column":45}},"7":{"start":{"line":16,"column":0},"end":{"line":16,"column":38}},"8":{"start":{"line":18,"column":0},"end":{"line":18,"column":50}},"9":{"start":{"line":20,"column":0},"end":{"line":20,"column":32}},"10":{"start":{"line":22,"column":0},"end":{"line":22,"column":44}},"11":{"start":{"line":24,"column":0},"end":{"line":24,"column":95}},"12":{"start":{"line":24,"column":39},"end":{"line":24,"column":93}},"13":{"start":{"line":26,"column":0},"end":{"line":26,"column":269}},"14":{"start":{"line":26,"column":40},"end":{"line":26,"column":267}},"15":{"start":{"line":26,"column":69},"end":{"line":26,"column":80}},"16":{"start":{"line":26,"column":90},"end":{"line":26,"column":106}},"17":{"start":{"line":26,"column":107},"end":{"line":26,"column":228}},"18":{"start":{"line":26,"column":126},"end":{"line":26,"column":226}},"19":{"start":{"line":26,"column":149},"end":{"line":26,"column":224}},"20":{"start":{"line":26,"column":201},"end":{"line":26,"column":224}},"21":{"start":{"line":26,"column":229},"end":{"line":26,"column":250}},"22":{"start":{"line":26,"column":251},"end":{"line":26,"column":265}},"23":{"start":{"line":40,"column":0},"end":{"line":40,"column":63}},"24":{"start":{"line":41,"column":0},"end":{"line":41,"column":343}},"25":{"start":{"line":55,"column":0},"end":{"line":67,"column":1}},"26":{"start":{"line":59,"column":2},"end":{"line":61,"column":3}},"27":{"start":{"line":60,"column":4},"end":{"line":60,"column":31}},"28":{"start":{"line":62,"column":2},"end":{"line":64,"column":3}},"29":{"start":{"line":63,"column":4},"end":{"line":63,"column":31}},"30":{"start":{"line":66,"column":2},"end":{"line":66,"column":55}},"31":{"start":{"line":69,"column":0},"end":{"line":69,"column":29}},"32":{"start":{"line":70,"column":0},"end":{"line":70,"column":42}},"33":{"start":{"line":71,"column":0},"end":{"line":71,"column":28}},"34":{"start":{"line":72,"column":0},"end":{"line":72,"column":28}},"35":{"start":{"line":73,"column":0},"end":{"line":73,"column":22}}},"branchMap":{"1":{"line":24,"type":"cond-expr","locations":[{"start":{"line":24,"column":70},"end":{"line":24,"column":73}},{"start":{"line":24,"column":76},"end":{"line":24,"column":92}}]},"2":{"line":24,"type":"binary-expr","locations":[{"start":{"line":24,"column":46},"end":{"line":24,"column":49}},{"start":{"line":24,"column":53},"end":{"line":24,"column":67}}]},"3":{"line":26,"type":"if","locations":[{"start":{"line":26,"column":40},"end":{"line":26,"column":40}},{"start":{"line":26,"column":40},"end":{"line":26,"column":40}}]},"4":{"line":26,"type":"binary-expr","locations":[{"start":{"line":26,"column":44},"end":{"line":26,"column":47}},{"start":{"line":26,"column":51},"end":{"line":26,"column":65}}]},"5":{"line":26,"type":"if","locations":[{"start":{"line":26,"column":107},"end":{"line":26,"column":107}},{"start":{"line":26,"column":107},"end":{"line":26,"column":107}}]},"6":{"line":26,"type":"if","locations":[{"start":{"line":26,"column":149},"end":{"line":26,"column":149}},{"start":{"line":26,"column":149},"end":{"line":26,"column":149}}]},"7":{"line":59,"type":"if","locations":[{"start":{"line":59,"column":2},"end":{"line":59,"column":2}},{"start":{"line":59,"column":2},"end":{"line":59,"column":2}}]},"8":{"line":62,"type":"if","locations":[{"start":{"line":62,"column":2},"end":{"line":62,"column":2}},{"start":{"line":62,"column":2},"end":{"line":62,"column":2}}]}},"code":["'use strict';","","Object.defineProperty(exports, \"__esModule\", {","  value: true","});","exports.utils = exports.resolver = exports.handlers = exports.defaultHandlers = exports.parse = undefined;","","var _handlers = require('./handlers');","","var handlers = _interopRequireWildcard(_handlers);","","var _parse = require('./parse');","","var _parse2 = _interopRequireDefault(_parse);","","var _resolver = require('./resolver');","","var resolver = _interopRequireWildcard(_resolver);","","var _utils = require('./utils');","","var utils = _interopRequireWildcard(_utils);","","function _interopRequireDefault(obj) { return obj && obj.__esModule ? obj : { default: obj }; }","","function _interopRequireWildcard(obj) { if (obj && obj.__esModule) { return obj; } else { var newObj = {}; if (obj != null) { for (var key in obj) { if (Object.prototype.hasOwnProperty.call(obj, key)) newObj[key] = obj[key]; } } newObj.default = obj; return newObj; } }","","/*"," * Copyright (c) 2015, Facebook, Inc."," * All rights reserved."," *"," *  This source code is licensed under the BSD-style license found in the"," * LICENSE file in the root directory of this source tree. An additional grant"," * of patent rights can be found in the PATENTS file in the same directory."," *"," * "," *"," */","","var defaultResolver = resolver.findExportedComponentDefinition;","var defaultHandlers = [handlers.propTypeHandler, handlers.propTypeCompositionHandler, handlers.propDocBlockHandler, handlers.flowTypeHandler, handlers.flowTypeDocBlockHandler, handlers.defaultPropsHandler, handlers.componentDocblockHandler, handlers.displayNameHandler, handlers.componentMethodsHandler, handlers.componentMethodsJsDocHandler];","","/**"," * See `lib/parse.js` for more information about the arguments. This function"," * simply sets default values for convenience."," *"," * The default resolver looks for *exported* `React.createClass(def)` calls"," * and expected `def` to resolve to an object expression."," *"," * The default `handlers` look for `propTypes` and `getDefaultProps` in the"," * provided object expression, and extract prop type information, prop"," * documentation (from docblocks), default prop values and component"," * documentation (from a docblock)."," */","function defaultParse( // eslint-disable-line no-unused-vars","src, resolver, // eslint-disable-line no-shadow","handlers // eslint-disable-line no-shadow",") {","  if (!resolver) {","    resolver = defaultResolver;","  }","  if (!handlers) {","    handlers = defaultHandlers;","  }","","  return (0, _parse2.default)(src, resolver, handlers);","}","","exports.parse = defaultParse;","exports.defaultHandlers = defaultHandlers;","exports.handlers = handlers;","exports.resolver = resolver;","exports.utils = utils;"],"l":{"3":1,"6":1,"8":1,"10":1,"12":1,"14":1,"16":1,"18":1,"20":1,"22":1,"24":1,"26":3,"40":1,"41":1,"55":1,"59":0,"60":0,"62":0,"63":0,"66":0,"69":1,"70":1,"71":1,"72":1,"73":1}},"/home/travis/build/npmtest/node-npmtest-react-docgen/node_modules/react-docgen/dist/handlers/index.js":{"path":"/home/travis/build/npmtest/node-npmtest-react-docgen/node_modules/react-docgen/dist/handlers/index.js","s":{"1":1,"2":1,"3":1,"4":17,"5":1,"6":1,"7":15,"8":1,"9":1,"10":15,"11":1,"12":1,"13":15,"14":1,"15":1,"16":15,"17":1,"18":1,"19":15,"20":1,"21":1,"22":15,"23":1,"24":1,"25":15,"26":1,"27":1,"28":15,"29":1,"30":1,"31":15,"32":1,"33":152},"b":{"1":[152,0],"2":[152,152]},"f":{"1":17,"2":15,"3":15,"4":15,"5":15,"6":15,"7":15,"8":15,"9":15,"10":15,"11":152},"fnMap":{"1":{"name":"get","line":11,"loc":{"start":{"line":11,"column":7},"end":{"line":11,"column":22}}},"2":{"name":"get","line":20,"loc":{"start":{"line":20,"column":7},"end":{"line":20,"column":22}}},"3":{"name":"get","line":29,"loc":{"start":{"line":29,"column":7},"end":{"line":29,"column":22}}},"4":{"name":"get","line":38,"loc":{"start":{"line":38,"column":7},"end":{"line":38,"column":22}}},"5":{"name":"get","line":47,"loc":{"start":{"line":47,"column":7},"end":{"line":47,"column":22}}},"6":{"name":"get","line":56,"loc":{"start":{"line":56,"column":7},"end":{"line":56,"column":22}}},"7":{"name":"get","line":65,"loc":{"start":{"line":65,"column":7},"end":{"line":65,"column":22}}},"8":{"name":"get","line":74,"loc":{"start":{"line":74,"column":7},"end":{"line":74,"column":22}}},"9":{"name":"get","line":83,"loc":{"start":{"line":83,"column":7},"end":{"line":83,"column":22}}},"10":{"name":"get","line":92,"loc":{"start":{"line":92,"column":7},"end":{"line":92,"column":22}}},"11":{"name":"_interopRequireDefault","line":97,"loc":{"start":{"line":97,"column":0},"end":{"line":97,"column":37}}}},"statementMap":{"1":{"start":{"line":3,"column":0},"end":{"line":5,"column":3}},"2":{"start":{"line":7,"column":0},"end":{"line":7,"column":70}},"3":{"start":{"line":9,"column":0},"end":{"line":14,"column":3}},"4":{"start":{"line":12,"column":4},"end":{"line":12,"column":69}},"5":{"start":{"line":16,"column":0},"end":{"line":16,"column":68}},"6":{"start":{"line":18,"column":0},"end":{"line":23,"column":3}},"7":{"start":{"line":21,"column":4},"end":{"line":21,"column":68}},"8":{"start":{"line":25,"column":0},"end":{"line":25,"column":78}},"9":{"start":{"line":27,"column":0},"end":{"line":32,"column":3}},"10":{"start":{"line":30,"column":4},"end":{"line":30,"column":73}},"11":{"start":{"line":34,"column":0},"end":{"line":34,"column":60}},"12":{"start":{"line":36,"column":0},"end":{"line":41,"column":3}},"13":{"start":{"line":39,"column":4},"end":{"line":39,"column":64}},"14":{"start":{"line":43,"column":0},"end":{"line":43,"column":52}},"15":{"start":{"line":45,"column":0},"end":{"line":50,"column":3}},"16":{"start":{"line":48,"column":4},"end":{"line":48,"column":60}},"17":{"start":{"line":52,"column":0},"end":{"line":52,"column":74}},"18":{"start":{"line":54,"column":0},"end":{"line":59,"column":3}},"19":{"start":{"line":57,"column":4},"end":{"line":57,"column":71}},"20":{"start":{"line":61,"column":0},"end":{"line":61,"column":60}},"21":{"start":{"line":63,"column":0},"end":{"line":68,"column":3}},"22":{"start":{"line":66,"column":4},"end":{"line":66,"column":64}},"23":{"start":{"line":70,"column":0},"end":{"line":70,"column":58}},"24":{"start":{"line":72,"column":0},"end":{"line":77,"column":3}},"25":{"start":{"line":75,"column":4},"end":{"line":75,"column":63}},"26":{"start":{"line":79,"column":0},"end":{"line":79,"column":52}},"27":{"start":{"line":81,"column":0},"end":{"line":86,"column":3}},"28":{"start":{"line":84,"column":4},"end":{"line":84,"column":60}},"29":{"start":{"line":88,"column":0},"end":{"line":88,"column":68}},"30":{"start":{"line":90,"column":0},"end":{"line":95,"column":3}},"31":{"start":{"line":93,"column":4},"end":{"line":93,"column":68}},"32":{"start":{"line":97,"column":0},"end":{"line":97,"column":95}},"33":{"start":{"line":97,"column":39},"end":{"line":97,"column":93}}},"branchMap":{"1":{"line":97,"type":"cond-expr","locations":[{"start":{"line":97,"column":70},"end":{"line":97,"column":73}},{"start":{"line":97,"column":76},"end":{"line":97,"column":92}}]},"2":{"line":97,"type":"binary-expr","locations":[{"start":{"line":97,"column":46},"end":{"line":97,"column":49}},{"start":{"line":97,"column":53},"end":{"line":97,"column":67}}]}},"code":["'use strict';","","Object.defineProperty(exports, \"__esModule\", {","  value: true","});","","var _componentDocblockHandler = require('./componentDocblockHandler');","","Object.defineProperty(exports, 'componentDocblockHandler', {","  enumerable: true,","  get: function get() {","    return _interopRequireDefault(_componentDocblockHandler).default;","  }","});","","var _componentMethodsHandler = require('./componentMethodsHandler');","","Object.defineProperty(exports, 'componentMethodsHandler', {","  enumerable: true,","  get: function get() {","    return _interopRequireDefault(_componentMethodsHandler).default;","  }","});","","var _componentMethodsJsDocHandler = require('./componentMethodsJsDocHandler');","","Object.defineProperty(exports, 'componentMethodsJsDocHandler', {","  enumerable: true,","  get: function get() {","    return _interopRequireDefault(_componentMethodsJsDocHandler).default;","  }","});","","var _defaultPropsHandler = require('./defaultPropsHandler');","","Object.defineProperty(exports, 'defaultPropsHandler', {","  enumerable: true,","  get: function get() {","    return _interopRequireDefault(_defaultPropsHandler).default;","  }","});","","var _propTypeHandler = require('./propTypeHandler');","","Object.defineProperty(exports, 'propTypeHandler', {","  enumerable: true,","  get: function get() {","    return _interopRequireDefault(_propTypeHandler).default;","  }","});","","var _propTypeCompositionHandler = require('./propTypeCompositionHandler');","","Object.defineProperty(exports, 'propTypeCompositionHandler', {","  enumerable: true,","  get: function get() {","    return _interopRequireDefault(_propTypeCompositionHandler).default;","  }","});","","var _propDocBlockHandler = require('./propDocBlockHandler');","","Object.defineProperty(exports, 'propDocBlockHandler', {","  enumerable: true,","  get: function get() {","    return _interopRequireDefault(_propDocBlockHandler).default;","  }","});","","var _displayNameHandler = require('./displayNameHandler');","","Object.defineProperty(exports, 'displayNameHandler', {","  enumerable: true,","  get: function get() {","    return _interopRequireDefault(_displayNameHandler).default;","  }","});","","var _flowTypeHandler = require('./flowTypeHandler');","","Object.defineProperty(exports, 'flowTypeHandler', {","  enumerable: true,","  get: function get() {","    return _interopRequireDefault(_flowTypeHandler).default;","  }","});","","var _flowTypeDocBlockHandler = require('./flowTypeDocBlockHandler');","","Object.defineProperty(exports, 'flowTypeDocBlockHandler', {","  enumerable: true,","  get: function get() {","    return _interopRequireDefault(_flowTypeDocBlockHandler).default;","  }","});","","function _interopRequireDefault(obj) { return obj && obj.__esModule ? obj : { default: obj }; }"],"l":{"3":1,"7":1,"9":1,"12":17,"16":1,"18":1,"21":15,"25":1,"27":1,"30":15,"34":1,"36":1,"39":15,"43":1,"45":1,"48":15,"52":1,"54":1,"57":15,"61":1,"63":1,"66":15,"70":1,"72":1,"75":15,"79":1,"81":1,"84":15,"88":1,"90":1,"93":15,"97":152}},"/home/travis/build/npmtest/node-npmtest-react-docgen/node_modules/react-docgen/dist/handlers/componentDocblockHandler.js":{"path":"/home/travis/build/npmtest/node-npmtest-react-docgen/node_modules/react-docgen/dist/handlers/componentDocblockHandler.js","s":{"1":1,"2":1,"3":1,"4":1,"5":1,"6":1,"7":1,"8":1,"9":1,"10":0,"11":0,"12":1,"13":0,"14":0,"15":0,"16":0,"17":0,"18":0,"19":0,"20":0,"21":0,"22":0,"23":0,"24":0,"25":0,"26":0,"27":0,"28":0,"29":0,"30":0},"b":{"1":[0,1],"2":[1,1],"3":[0,0],"4":[0,0],"5":[0,0],"6":[0,0],"7":[0,0],"8":[0,0],"9":[0,0],"10":[0,0],"11":[0,0],"12":[0,0],"13":[0,0],"14":[0,0],"15":[0,0]},"f":{"1":1,"2":0,"3":0},"fnMap":{"1":{"name":"_interopRequireDefault","line":14,"loc":{"start":{"line":14,"column":0},"end":{"line":14,"column":37}}},"2":{"name":"isClassDefinition","line":28,"loc":{"start":{"line":28,"column":0},"end":{"line":28,"column":37}}},"3":{"name":"componentDocblockHandler","line":36,"loc":{"start":{"line":36,"column":0},"end":{"line":36,"column":55}}}},"statementMap":{"1":{"start":{"line":3,"column":0},"end":{"line":5,"column":3}},"2":{"start":{"line":6,"column":0},"end":{"line":6,"column":43}},"3":{"start":{"line":8,"column":0},"end":{"line":8,"column":32}},"4":{"start":{"line":10,"column":0},"end":{"line":10,"column":47}},"5":{"start":{"line":12,"column":0},"end":{"line":12,"column":45}},"6":{"start":{"line":14,"column":0},"end":{"line":14,"column":95}},"7":{"start":{"line":14,"column":39},"end":{"line":14,"column":93}},"8":{"start":{"line":16,"column":0},"end":{"line":16,"column":46}},"9":{"start":{"line":28,"column":0},"end":{"line":31,"column":1}},"10":{"start":{"line":29,"column":2},"end":{"line":29,"column":27}},"11":{"start":{"line":30,"column":2},"end":{"line":30,"column":81}},"12":{"start":{"line":36,"column":0},"end":{"line":69,"column":1}},"13":{"start":{"line":37,"column":2},"end":{"line":37,"column":25}},"14":{"start":{"line":39,"column":2},"end":{"line":39,"column":24}},"15":{"start":{"line":40,"column":2},"end":{"line":42,"column":3}},"16":{"start":{"line":41,"column":4},"end":{"line":41,"column":35}},"17":{"start":{"line":43,"column":2},"end":{"line":49,"column":3}},"18":{"start":{"line":45,"column":4},"end":{"line":47,"column":5}},"19":{"start":{"line":46,"column":6},"end":{"line":46,"column":41}},"20":{"start":{"line":48,"column":4},"end":{"line":48,"column":57}},"21":{"start":{"line":50,"column":2},"end":{"line":56,"column":3}},"22":{"start":{"line":53,"column":4},"end":{"line":55,"column":5}},"23":{"start":{"line":54,"column":6},"end":{"line":54,"column":74}},"24":{"start":{"line":57,"column":2},"end":{"line":67,"column":3}},"25":{"start":{"line":60,"column":4},"end":{"line":60,"column":33}},"26":{"start":{"line":61,"column":4},"end":{"line":63,"column":5}},"27":{"start":{"line":62,"column":6},"end":{"line":62,"column":39}},"28":{"start":{"line":64,"column":4},"end":{"line":66,"column":5}},"29":{"start":{"line":65,"column":6},"end":{"line":65,"column":60}},"30":{"start":{"line":68,"column":2},"end":{"line":68,"column":54}}},"branchMap":{"1":{"line":14,"type":"cond-expr","locations":[{"start":{"line":14,"column":70},"end":{"line":14,"column":73}},{"start":{"line":14,"column":76},"end":{"line":14,"column":92}}]},"2":{"line":14,"type":"binary-expr","locations":[{"start":{"line":14,"column":46},"end":{"line":14,"column":49}},{"start":{"line":14,"column":53},"end":{"line":14,"column":67}}]},"3":{"line":30,"type":"binary-expr","locations":[{"start":{"line":30,"column":9},"end":{"line":30,"column":43}},{"start":{"line":30,"column":47},"end":{"line":30,"column":80}}]},"4":{"line":40,"type":"binary-expr","locations":[{"start":{"line":40,"column":9},"end":{"line":40,"column":19}},{"start":{"line":40,"column":23},"end":{"line":40,"column":62}}]},"5":{"line":43,"type":"if","locations":[{"start":{"line":43,"column":2},"end":{"line":43,"column":2}},{"start":{"line":43,"column":2},"end":{"line":43,"column":2}}]},"6":{"line":45,"type":"if","locations":[{"start":{"line":45,"column":4},"end":{"line":45,"column":4}},{"start":{"line":45,"column":4},"end":{"line":45,"column":4}}]},"7":{"line":45,"type":"binary-expr","locations":[{"start":{"line":45,"column":8},"end":{"line":45,"column":70}},{"start":{"line":45,"column":74},"end":{"line":45,"column":138}}]},"8":{"line":50,"type":"if","locations":[{"start":{"line":50,"column":2},"end":{"line":50,"column":2}},{"start":{"line":50,"column":2},"end":{"line":50,"column":2}}]},"9":{"line":50,"type":"binary-expr","locations":[{"start":{"line":50,"column":6},"end":{"line":50,"column":25}},{"start":{"line":50,"column":29},"end":{"line":50,"column":52}}]},"10":{"line":53,"type":"if","locations":[{"start":{"line":53,"column":4},"end":{"line":53,"column":4}},{"start":{"line":53,"column":4},"end":{"line":53,"column":4}}]},"11":{"line":53,"type":"binary-expr","locations":[{"start":{"line":53,"column":8},"end":{"line":53,"column":28}},{"start":{"line":53,"column":32},"end":{"line":53,"column":63}}]},"12":{"line":57,"type":"if","locations":[{"start":{"line":57,"column":2},"end":{"line":57,"column":2}},{"start":{"line":57,"column":2},"end":{"line":57,"column":2}}]},"13":{"line":61,"type":"binary-expr","locations":[{"start":{"line":61,"column":11},"end":{"line":61,"column":22}},{"start":{"line":61,"column":26},"end":{"line":61,"column":64}}]},"14":{"line":64,"type":"if","locations":[{"start":{"line":64,"column":4},"end":{"line":64,"column":4}},{"start":{"line":64,"column":4},"end":{"line":64,"column":4}}]},"15":{"line":68,"type":"binary-expr","locations":[{"start":{"line":68,"column":35},"end":{"line":68,"column":46}},{"start":{"line":68,"column":50},"end":{"line":68,"column":52}}]}},"code":["'use strict';","","Object.defineProperty(exports, \"__esModule\", {","  value: true","});","exports.default = componentDocblockHandler;","","var _recast = require('recast');","","var _recast2 = _interopRequireDefault(_recast);","","var _docblock = require('../utils/docblock');","","function _interopRequireDefault(obj) { return obj && obj.__esModule ? obj : { default: obj }; }","","var types = _recast2.default.types.namedTypes; /*","                                                * Copyright (c) 2015, Facebook, Inc.","                                                * All rights reserved.","                                                *","                                                * This source code is licensed under the BSD-style license found in the","                                                * LICENSE file in the root directory of this source tree. An additional grant","                                                * of patent rights can be found in the PATENTS file in the same directory.","                                                *","                                                * ","                                                *","                                                */","","function isClassDefinition(nodePath) {","  var node = nodePath.node;","  return types.ClassDeclaration.check(node) || types.ClassExpression.check(node);","}","","/**"," * Finds the nearest block comment before the component definition."," */","function componentDocblockHandler(documentation, path) {","  var description = null;","  // Find parent statement (e.g. var Component = React.createClass(<path>);)","  var searchPath = path;","  while (searchPath && !types.Statement.check(searchPath.node)) {","    searchPath = searchPath.parent;","  }","  if (searchPath) {","    // If the parent is an export statement, we have to traverse one more up","    if (types.ExportNamedDeclaration.check(searchPath.parentPath.node) || types.ExportDefaultDeclaration.check(searchPath.parentPath.node)) {","      searchPath = searchPath.parentPath;","    }","    description = (0, _docblock.getDocblock)(searchPath);","  }","  if (description == null && isClassDefinition(path)) {","    // If we have a class declaration or expression, then the comment might be","    // attached to the first decorator instead.","    if (path.node.decorators && path.node.decorators.length > 0) {","      description = (0, _docblock.getDocblock)(path.get('decorators', 0));","    }","  }","  if (description == null) {","    // If this is the first statement in the module body, the comment is attached","    // to the program node","    var programPath = searchPath;","    while (programPath && !types.Program.check(programPath.node)) {","      programPath = programPath.parent;","    }","    if (programPath.get('body', 0) === searchPath) {","      description = (0, _docblock.getDocblock)(programPath);","    }","  }","  documentation.set('description', description || '');","}"],"l":{"3":1,"6":1,"8":1,"10":1,"12":1,"14":1,"16":1,"28":1,"29":0,"30":0,"36":1,"37":0,"39":0,"40":0,"41":0,"43":0,"45":0,"46":0,"48":0,"50":0,"53":0,"54":0,"57":0,"60":0,"61":0,"62":0,"64":0,"65":0,"68":0}},"/home/travis/build/npmtest/node-npmtest-react-docgen/node_modules/react-docgen/dist/utils/docblock.js":{"path":"/home/travis/build/npmtest/node-npmtest-react-docgen/node_modules/react-docgen/dist/utils/docblock.js","s":{"1":1,"2":1,"3":1,"4":1,"5":1,"6":1,"7":1,"8":1,"9":1,"10":0,"11":0,"12":0,"13":0,"14":1,"15":1,"16":0,"17":0,"18":0,"19":0,"20":0,"21":0,"22":0,"23":0,"24":0,"25":0,"26":1,"27":0,"28":0,"29":0,"30":0,"31":0},"b":{"1":[1,0],"2":[1,1],"3":[0,0],"4":[0,0],"5":[0,0],"6":[0,0,0],"7":[0,0],"8":[0,0]},"f":{"1":1,"2":0,"3":0,"4":0,"5":0,"6":0},"fnMap":{"1":{"name":"_interopRequireDefault","line":14,"loc":{"start":{"line":14,"column":0},"end":{"line":14,"column":37}}},"2":{"name":"parseDocblock","line":33,"loc":{"start":{"line":33,"column":0},"end":{"line":33,"column":28}}},"3":{"name":"getDocblock","line":47,"loc":{"start":{"line":47,"column":0},"end":{"line":47,"column":27}}},"4":{"name":"(anonymous_4)","line":50,"loc":{"start":{"line":50,"column":48},"end":{"line":50,"column":67}}},"5":{"name":"(anonymous_5)","line":54,"loc":{"start":{"line":54,"column":41},"end":{"line":54,"column":60}}},"6":{"name":"getDoclets","line":69,"loc":{"start":{"line":69,"column":0},"end":{"line":69,"column":25}}}},"statementMap":{"1":{"start":{"line":3,"column":0},"end":{"line":5,"column":3}},"2":{"start":{"line":7,"column":0},"end":{"line":7,"column":61}},"3":{"start":{"line":9,"column":0},"end":{"line":9,"column":47}},"4":{"start":{"line":11,"column":0},"end":{"line":11,"column":34}},"5":{"start":{"line":12,"column":0},"end":{"line":12,"column":32}},"6":{"start":{"line":14,"column":0},"end":{"line":14,"column":95}},"7":{"start":{"line":14,"column":39},"end":{"line":14,"column":93}},"8":{"start":{"line":31,"column":0},"end":{"line":31,"column":60}},"9":{"start":{"line":33,"column":0},"end":{"line":39,"column":1}},"10":{"start":{"line":34,"column":2},"end":{"line":34,"column":30}},"11":{"start":{"line":35,"column":2},"end":{"line":37,"column":3}},"12":{"start":{"line":36,"column":4},"end":{"line":36,"column":49}},"13":{"start":{"line":38,"column":2},"end":{"line":38,"column":33}},"14":{"start":{"line":41,"column":0},"end":{"line":41,"column":30}},"15":{"start":{"line":47,"column":0},"end":{"line":63,"column":1}},"16":{"start":{"line":48,"column":2},"end":{"line":48,"column":20}},"17":{"start":{"line":49,"column":2},"end":{"line":57,"column":3}},"18":{"start":{"line":50,"column":4},"end":{"line":52,"column":7}},"19":{"start":{"line":51,"column":6},"end":{"line":51,"column":84}},"20":{"start":{"line":53,"column":9},"end":{"line":57,"column":3}},"21":{"start":{"line":54,"column":4},"end":{"line":56,"column":7}},"22":{"start":{"line":55,"column":6},"end":{"line":55,"column":103}},"23":{"start":{"line":59,"column":2},"end":{"line":61,"column":3}},"24":{"start":{"line":60,"column":4},"end":{"line":60,"column":62}},"25":{"start":{"line":62,"column":2},"end":{"line":62,"column":14}},"26":{"start":{"line":69,"column":0},"end":{"line":78,"column":1}},"27":{"start":{"line":70,"column":2},"end":{"line":70,"column":44}},"28":{"start":{"line":71,"column":2},"end":{"line":71,"column":39}},"29":{"start":{"line":73,"column":2},"end":{"line":75,"column":3}},"30":{"start":{"line":74,"column":4},"end":{"line":74,"column":41}},"31":{"start":{"line":77,"column":2},"end":{"line":77,"column":17}}},"branchMap":{"1":{"line":14,"type":"cond-expr","locations":[{"start":{"line":14,"column":70},"end":{"line":14,"column":73}},{"start":{"line":14,"column":76},"end":{"line":14,"column":92}}]},"2":{"line":14,"type":"binary-expr","locations":[{"start":{"line":14,"column":46},"end":{"line":14,"column":49}},{"start":{"line":14,"column":53},"end":{"line":14,"column":67}}]},"3":{"line":49,"type":"if","locations":[{"start":{"line":49,"column":2},"end":{"line":49,"column":2}},{"start":{"line":49,"column":2},"end":{"line":49,"column":2}}]},"4":{"line":51,"type":"binary-expr","locations":[{"start":{"line":51,"column":13},"end":{"line":51,"column":44}},{"start":{"line":51,"column":48},"end":{"line":51,"column":83}}]},"5":{"line":53,"type":"if","locations":[{"start":{"line":53,"column":9},"end":{"line":53,"column":9}},{"start":{"line":53,"column":9},"end":{"line":53,"column":9}}]},"6":{"line":55,"type":"binary-expr","locations":[{"start":{"line":55,"column":13},"end":{"line":55,"column":28}},{"start":{"line":55,"column":32},"end":{"line":55,"column":63}},{"start":{"line":55,"column":67},"end":{"line":55,"column":102}}]},"7":{"line":59,"type":"if","locations":[{"start":{"line":59,"column":2},"end":{"line":59,"column":2}},{"start":{"line":59,"column":2},"end":{"line":59,"column":2}}]},"8":{"line":74,"type":"binary-expr","locations":[{"start":{"line":74,"column":24},"end":{"line":74,"column":32}},{"start":{"line":74,"column":36},"end":{"line":74,"column":40}}]}},"code":["'use strict';","","Object.defineProperty(exports, \"__esModule\", {","  value: true","});","","var _create = require('babel-runtime/core-js/object/create');","","var _create2 = _interopRequireDefault(_create);","","exports.getDocblock = getDocblock;","exports.getDoclets = getDoclets;","","function _interopRequireDefault(obj) { return obj && obj.__esModule ? obj : { default: obj }; }","","/*"," * Copyright (c) 2015, Facebook, Inc."," * All rights reserved."," *"," * This source code is licensed under the BSD-style license found in the"," * LICENSE file in the root directory of this source tree. An additional grant"," * of patent rights can be found in the PATENTS file in the same directory."," *"," * "," */","","/**"," * Helper functions to work with docblock comments."," */","","var DOCLET_PATTERN = /^@(\\w+)(?:$|\\s((?:[^](?!^@\\w))*))/gmi;","","function parseDocblock(str) {","  var lines = str.split('\\n');","  for (var i = 0, l = lines.length; i < l; i++) {","    lines[i] = lines[i].replace(/^\\s*\\*\\s?/, '');","  }","  return lines.join('\\n').trim();","}","","var DOCBLOCK_HEADER = /^\\*\\s/;","","/**"," * Given a path, this function returns the closest preceding docblock if it"," * exists."," */"
[...]
this source tree. An additional grant","                              * of patent rights can be found in the PATENTS file in the same directory.","                              *","                              * ","                              *","                              */"],"l":{"3":1,"6":1,"8":1,"10":1,"13":16,"17":1,"19":1,"22":14,"26":1,"28":1,"31":14,"35":1,"37":1,"40":14,"44":1,"46":1,"49":14,"53":1,"55":1,"58":14,"62":1,"64":1,"67":14,"71":1,"73":1,"76":14,"80":1,"82":1,"85":14,"89":1,"91":1,"94":14,"98":1,"100":1,"103":14,"107":1,"109":1,"112":14,"116":1,"118":1,"121":14,"125":1,"127":1,"130":14,"134":1,"136":1,"139":14,"143":1,"145":1,"148":14,"152":1,"154":1,"157":14,"161":1,"163":1,"166":14,"170":1,"172":1,"175":14,"179":1,"181":1,"184":14,"188":1,"190":1,"193":14,"196":1,"199":14,"203":1,"205":1,"208":14,"212":1,"214":1,"217":14,"221":1,"223":1,"226":14,"230":1,"232":1,"235":14,"239":1,"241":1,"243":1,"245":366,"247":1}},"/home/travis/build/npmtest/node-npmtest-react-docgen/node_modules/react-docgen/bin/react-docgen.js":{"path":"/home/travis/build/npmtest/node-npmtest-react-docgen/node_modules/react-docgen/bin/react-docgen.js","s":{"1":1,"2":1,"3":0,"4":0,"5":1,"6":1,"7":1,"8":1,"9":1,"10":1,"11":1,"12":1,"13":1,"14":1,"15":1,"16":1,"17":1,"18":1,"19":1,"20":1,"21":1,"22":1,"23":1,"24":1,"25":0,"26":0,"27":0,"28":0,"29":0,"30":0,"31":0,"32":0,"33":1,"34":0,"35":1,"36":0,"37":0,"38":0,"39":0,"40":0,"41":1,"42":0,"43":0,"44":0,"45":0,"46":1,"47":0,"48":0,"49":0,"50":0,"51":0,"52":0,"53":0,"54":0,"55":0,"56":0,"57":1,"58":0,"59":0,"60":1,"61":1,"62":1,"63":1,"64":1,"65":0,"66":1,"67":0,"68":0,"69":1,"70":0,"71":0,"72":0,"73":0,"74":0,"75":0,"76":0,"77":0,"78":0,"79":0,"80":0,"81":0,"82":0,"83":0,"84":0,"85":0,"86":0,"87":0,"88":0,"89":0,"90":0,"91":0,"92":0,"93":0,"94":0,"95":0},"b":{"1":[1,0],"2":[1,0],"3":[0,0],"4":[0,0],"5":[0,0],"6":[0,0],"7":[0,0],"8":[0,0],"9":[0,0],"10":[0,0],"11":[0,1],"12":[1,0],"13":[0,0],"14":[0,0],"15":[0,0],"16":[0,0],"17":[0,0]},"f":{"1":0,"2":0,"3":0,"4":0,"5":0,"6":0,"7":0,"8":0,"9":0,"10":0,"11":0,"12":0,"13":0,"14":0},"fnMap":{"1":{"name":"collect","line":14,"loc":{"start":{"line":14,"column":0},"end":{"line":14,"column":28}}},"2":{"name":"parse","line":97,"loc":{"start":{"line":97,"column":0},"end":{"line":97,"column":23}}},"3":{"name":"writeError","line":101,"loc":{"start":{"line":101,"column":0},"end":{"line":101,"column":35}}},"4":{"name":"writeResult","line":111,"loc":{"start":{"line":111,"column":0},"end":{"line":111,"column":29}}},"5":{"name":"traverseDir","line":122,"loc":{"start":{"line":122,"column":0},"end":{"line":122,"column":45}}},"6":{"name":"(anonymous_6)","line":130,"loc":{"start":{"line":130,"column":4},"end":{"line":130,"column":45}}},"7":{"name":"(anonymous_7)","line":141,"loc":{"start":{"line":141,"column":4},"end":{"line":141,"column":20}}},"8":{"name":"(anonymous_8)","line":163,"loc":{"start":{"line":163,"column":25},"end":{"line":163,"column":36}}},"9":{"name":"(anonymous_9)","line":166,"loc":{"start":{"line":166,"column":27},"end":{"line":166,"column":44}}},"10":{"name":"(anonymous_10)","line":170,"loc":{"start":{"line":170,"column":26},"end":{"line":170,"column":38}}},"11":{"name":"(anonymous_11)","line":182,"loc":{"start":{"line":182,"column":26},"end":{"line":182,"column":51}}},"12":{"name":"(anonymous_12)","line":183,"loc":{"start":{"line":183,"column":22},"end":{"line":183,"column":45}}},"13":{"name":"(anonymous_13)","line":208,"loc":{"start":{"line":208,"column":5},"end":{"line":208,"column":16}}},"14":{"name":"(anonymous_14)","line":214,"loc":{"start":{"line":214,"column":24},"end":{"line":214,"column":47}}}},"statementMap":{"1":{"start":{"line":12,"column":0},"end":{"line":12,"column":32}},"2":{"start":{"line":14,"column":0},"end":{"line":17,"column":1}},"3":{"start":{"line":15,"column":2},"end":{"line":15,"column":17}},"4":{"start":{"line":16,"column":2},"end":{"line":16,"column":14}},"5":{"start":{"line":19,"column":0},"end":{"line":19,"column":38}},"6":{"start":{"line":20,"column":0},"end":{"line":20,"column":24}},"7":{"start":{"line":21,"column":0},"end":{"line":21,"column":63}},"8":{"start":{"line":23,"column":0},"end":{"line":54,"column":25}},"9":{"start":{"line":56,"column":0},"end":{"line":56,"column":25}},"10":{"start":{"line":58,"column":0},"end":{"line":58,"column":29}},"11":{"start":{"line":59,"column":0},"end":{"line":59,"column":30}},"12":{"start":{"line":60,"column":0},"end":{"line":60,"column":23}},"13":{"start":{"line":61,"column":0},"end":{"line":61,"column":37}},"14":{"start":{"line":62,"column":0},"end":{"line":62,"column":27}},"15":{"start":{"line":64,"column":0},"end":{"line":64,"column":22}},"16":{"start":{"line":65,"column":0},"end":{"line":65,"column":28}},"17":{"start":{"line":66,"column":0},"end":{"line":66,"column":72}},"18":{"start":{"line":67,"column":0},"end":{"line":67,"column":28}},"19":{"start":{"line":68,"column":0},"end":{"line":68,"column":35}},"20":{"start":{"line":69,"column":0},"end":{"line":69,"column":13}},"21":{"start":{"line":70,"column":0},"end":{"line":70,"column":17}},"22":{"start":{"line":72,"column":0},"end":{"line":95,"column":1}},"23":{"start":{"line":73,"column":2},"end":{"line":94,"column":3}},"24":{"start":{"line":75,"column":4},"end":{"line":75,"column":68}},"25":{"start":{"line":77,"column":4},"end":{"line":79,"column":5}},"26":{"start":{"line":78,"column":6},"end":{"line":78,"column":14}},"27":{"start":{"line":80,"column":4},"end":{"line":80,"column":68}},"28":{"start":{"line":81,"column":4},"end":{"line":93,"column":5}},"29":{"start":{"line":83,"column":6},"end":{"line":83,"column":39}},"30":{"start":{"line":85,"column":6},"end":{"line":87,"column":7}},"31":{"start":{"line":86,"column":8},"end":{"line":86,"column":16}},"32":{"start":{"line":89,"column":6},"end":{"line":92,"column":8}},"33":{"start":{"line":97,"column":0},"end":{"line":99,"column":1}},"34":{"start":{"line":98,"column":2},"end":{"line":98,"column":40}},"35":{"start":{"line":101,"column":0},"end":{"line":109,"column":1}},"36":{"start":{"line":102,"column":2},"end":{"line":104,"column":3}},"37":{"start":{"line":103,"column":4},"end":{"line":103,"column":65}},"38":{"start":{"line":105,"column":2},"end":{"line":105,"column":35}},"39":{"start":{"line":106,"column":2},"end":{"line":108,"column":3}},"40":{"start":{"line":107,"column":4},"end":{"line":107,"column":43}},"41":{"start":{"line":111,"column":0},"end":{"line":120,"column":1}},"42":{"start":{"line":112,"column":2},"end":{"line":114,"column":27}},"43":{"start":{"line":115,"column":2},"end":{"line":119,"column":3}},"44":{"start":{"line":116,"column":4},"end":{"line":116,"column":37}},"45":{"start":{"line":118,"column":4},"end":{"line":118,"column":40}},"46":{"start":{"line":122,"column":0},"end":{"line":148,"column":1}},"47":{"start":{"line":123,"column":2},"end":{"line":147,"column":4}},"48":{"start":{"line":131,"column":6},"end":{"line":133,"column":7}},"49":{"start":{"line":132,"column":8},"end":{"line":132,"column":20}},"50":{"start":{"line":134,"column":6},"end":{"line":138,"column":7}},"51":{"start":{"line":135,"column":8},"end":{"line":135,"column":42}},"52":{"start":{"line":137,"column":8},"end":{"line":137,"column":36}},"53":{"start":{"line":139,"column":6},"end":{"line":139,"column":13}},"54":{"start":{"line":142,"column":6},"end":{"line":144,"column":7}},"55":{"start":{"line":143,"column":8},"end":{"line":143,"column":20}},"56":{"start":{"line":145,"column":6},"end":{"line":145,"column":13}},"57":{"start":{"line":153,"column":0},"end":{"line":221,"column":1}},"58":{"start":{"line":154,"column":2},"end":{"line":154,"column":27}},"59":{"start":{"line":155,"column":2},"end":{"line":155,"column":23}},"60":{"start":{"line":156,"column":7},"end":{"line":221,"column":1}},"61":{"start":{"line":160,"column":2},"end":{"line":160,"column":18}},"62":{"start":{"line":161,"column":2},"end":{"line":161,"column":36}},"63":{"start":{"line":162,"column":2},"end":{"line":162,"column":25}},"64":{"start":{"line":163,"column":2},"end":{"line":165,"column":11}},"65":{"start":{"line":164,"column":4},"end":{"line":164,"column":59}},"66":{"start":{"line":166,"column":2},"end":{"line":169,"column":5}},"67":{"start":{"line":167,"column":4},"end":{"line":167,"column":24}},"68":{"start":{"line":168,"column":4},"end":{"line":168,"column":20}},"69":{"start":{"line":170,"column":2},"end":{"line":176,"column":5}},"70":{"start":{"line":171,"column":4},"end":{"line":175,"column":5}},"71":{"start":{"line":172,"column":6},"end":{"line":172,"column":33}},"72":{"start":{"line":174,"column":6},"end":{"line":174,"column":24}},"73":{"start":{"line":181,"column":2},"end":{"line":181,"column":35}},"74":{"start":{"line":182,"column":2},"end":{"line":220,"column":5}},"75":{"start":{"line":183,"column":4},"end":{"line":207,"column":7}},"76":{"start":{"line":184,"column":6},"end":{"line":188,"column":7}},"77":{"start":{"line":185,"column":8},"end":{"line":185,"column":36}},"78":{"start":{"line":186,"column":8},"end":{"line":186,"column":15}},"79":{"start":{"line":187,"column":8},"end":{"line":187,"column":15}},"80":{"start":{"line":189,"column":6},"end":{"line":206,"column":7}},"81":{"start":{"line":190,"column":8},"end":{"line":195,"column":9}},"82":{"start":{"line":191,"column":10},"end":{"line":191,"column":46}},"83":{"start":{"line":193,"column":10},"end":{"line":193,"column":28}},"84":{"start":{"line":194,"column":10},"end":{"line":194,"column":17}},"85":{"start":{"line":198,"column":8},"end":{"line":205,"column":9}},"86":{"start":{"line":199,"column":10},"end":{"line":199,"column":62}},"87":{"start":{"line":201,"column":10},"end":{"line":201,"column":38}},"88":{"start":{"line":204,"column":10},"end":{"line":204,"column":17}},"89":{"start":{"line":209,"column":4},"end":{"line":209,"column":43}},"90":{"start":{"line":210,"column":4},"end":{"line":219,"column":5}},"91":{"start":{"line":212,"column":6},"end":{"line":212,"column":27}},"92":{"start":{"line":213,"column":11},"end":{"line":219,"column":5}},"93":{"start":{"line":214,"column":6},"end":{"line":216,"column":9}},"94":{"start":{"line":215,"column":8},"end":{"line":215,"column":76}},"95":{"start":{"line":218,"column":6},"end":{"line":218,"column":26}}},"branchMap":{"1":{"line":65,"type":"binary-expr","locations":[{"start":{"line":65,"column":12},"end":{"line":65,"column":21}},{"start":{"line":65,"column":25},"end":{"line":65,"column":27}}]},"2":{"line":72,"type":"if","locations":[{"start":{"line":72,"column":0},"end":{"line":72,"column":0}},{"start":{"line":72,"column":0},"end":{"line":72,"column":0}}]},"3":{"line":77,"type":"if","locations":[{"start":{"line":77,"column":4},"end":{"line":77,"column":4}},{"start":{"line":77,"column":4},"end":{"line":77,"column":4}}]},"4":{"line":85,"type":"if","locations":[{"start":{"line":85,"column":6},"end":{"line":85,"column":6}},{"start":{"line":85,"column":6},"end":{"line":85,"column":6}}]},"5":{"line":102,"type":"if","locations":[{"start":{"line":102,"column":2},"end":{"line":102,"column":2}},{"start":{"line":102,"column":2},"end":{"line":102,"column":2}}]},"6":{"line":106,"type":"if","locations":[{"start":{"line":106,"column":2},"end":{"line":106,"column":2}},{"start":{"line":106,"column":2},"end":{"line":106,"column":2}}]},"7":{"line":112,"type":"cond-expr","locations":[{"start":{"line":113,"column":4},"end":{"line":113,"column":35}},{"start":{"line":114,"column":4},"end":{"line":114,"column":26}}]},"8":{"line":115,"type":"if","locations":[{"start":{"line":115,"column":2},"end":{"line":115,"column":2}},{"start":{"line":115,"column":2},"end":{"line":115,"column":2}}]},"9":{"line":131,"type":"if","locations":[{"start":{"line":131,"column":6},"end":{"line":131,"column":6}},{"start":{"line":131,"column":6},"end":{"line":131,"column":6}}]},"10":{"line":142,"type":"if","locations":[{"start":{"line":142,"column":6},"end":{"line":142,"column":6}},{"start":{"line":142,"column":6},"end":{"line":142,"column":6}}]},"11":{"line":153,"type":"if","locations":[{"start":{"line":153,"column":0},"end":{"line":153,"column":0}},{"start":{"line":153,"column":0},"end":{"line":153,"column":0}}]},"12":{"line":156,"type":"if","locations":[{"start":{"line":156,"column":7},"end":{"line":156,"column":7}},{"start":{"line":156,"column":7},"end":{"line":156,"column":7}}]},"13":{"line":184,"type":"if","locations":[{"start":{"line":184,"column":6},"end":{"line":184,"column":6}},{"start":{"line":184,"column":6},"end":{"line":184,"column":6}}]},"14":{"line":189,"type":"if","locations":[{"start":{"line":189,"column":6},"end":{"line":189,"column":6}},{"start":{"line":189,"column":6},"end":{"line":189,"column":6}}]},"15":{"line":210,"type":"if","locations":[{"start":{"line":210,"column":4},"end":{"line":210,"column":4}},{"start":{"line":210,"column":4},"end":{"line":210,"column":4}}]},"16":{"line":213,"type":"if","locations":[{"start":{"line":213,"column":11},"end":{"line":213,"column":11}},{"start":{"line":213,"column":11},"end":{"line":213,"column":11}}]},"17":{"line":215,"type":"cond-expr","locations":[{"start":{"line":215,"column":42},"end":{"line":215,"column":48}},{"start":{"line":215,"column":51},"end":{"line":215,"column":74}}]}},"code":["//#!/usr/bin/env node","/*"," *  Copyright (c) 2015, Facebook, Inc."," *  All rights reserved."," *"," *  This source code is licensed under the BSD-style license found in the"," *  LICENSE file in the root directory of this source tree. An additional grant"," *  of patent rights can be found in the PATENTS file in the same directory."," *"," */","","var argv = require('commander');","","function collect(val, memo) {","  memo.push(val);","  return memo;","}","","var defaultExtensions = ['js', 'jsx'];","var defaultExclude = [];","var defaultIgnore = ['node_modules', '__tests__', '__mocks__'];","","argv","    .usage('[path...] [options]')","    .description(","        'Extract meta information from React components.\\n' +","        '  If a directory is passed, it is recursively traversed.')","    .option(","        '-o, --out <file>',","        'Store extracted information in the FILE')","    .option(","        '--pretty',","        'pretty print JSON')","    .option(","        '-x, --extension <extension>',","        'File extensions to consider. Repeat to define multiple extensions. Default: ' + JSON.stringify(defaultExtensions),","        collect,","        ['js', 'jsx'])","    .option(","        '-e, --exclude <path>',","        'Filename pattern to exclude. Default: ' + JSON.stringify(defaultExclude),","        collect,","        [])","    .option(","        '-i, --ignore <path>',","        'Folders to ignore. Default: ' + JSON.stringify(defaultIgnore),","        collect,","        ['node_modules', '__tests__', '__mocks__'])","    .option(","        '--resolver <resolver>',","        'Resolver name (findAllComponentDefinitions, findExportedComponentDefinition) or path to a module that exports ' +","        'a resolver. Default: findExportedComponentDefinition',","        'findExportedComponentDefinition')","    .arguments('<path>');","","argv.parse(process.argv);","","var async = require('async');","var dir = require('node-dir');","var fs = require('fs');","var parser = require('../dist/main');","var path = require('path');","","var output = argv.out;","var paths = argv.args || [];","var extensions = new RegExp('\\\\.(?:' + argv.extension.join('|') + ')$');","var ignoreDir = argv.ignore;","var excludePatterns = argv.exclude;","var resolver;","var errorMessage;","","if (argv.resolver) {","  try {","    // Look for built-in resolver","    resolver = require(`../dist/resolver/${argv.resolver}`).default;","  } catch(e) {","    if (e.code !== 'MODULE_NOT_FOUND') {","      throw e;","    }","    const resolverPath = path.resolve(process.cwd(), argv.resolver);","    try {","      // Look for local resolver","      resolver = require(resolverPath);","    } catch (e) {","      if (e.code !== 'MODULE_NOT_FOUND') {","        throw e;","      }","      // Will exit with this error message","      errorMessage = (","        `Unknown resolver: \"${argv.resolver}\" is neither a built-in resolver ` +","        `nor can it be found locally (\"${resolverPath}\")`","      );","    }","  }","}","","function parse(source) {","  return parser.parse(source, resolver);","}","","function writeError(msg, filePath) {","  if (filePath) {","    process.stderr.write('Error with path \"' + filePath + '\": ');","  }","  process.stderr.write(msg + '\\n');","  if (msg instanceof Error) {","    process.stderr.write(msg.stack + '\\n');","  }","}","","function writeResult(result) {","  result = argv.pretty ?","    JSON.stringify(result, null, 2) :","    JSON.stringify(result);","  if (output) {","    fs.writeFileSync(output, result);","  } else {","    process.stdout.write(result + '\\n');","  }","}","","function traverseDir(filePath, result, done) {","  dir.readFiles(","    filePath,","    {","      match: extensions,","      exclude:excludePatterns,","      excludeDir: ignoreDir","    },","    function(error, content, filename, next) {","      if (error) {","        throw error;","      }","      try {","        result[filename] = parse(content);","      } catch(error) {","        writeError(error, filename);","      }","      next();","    },","    function(error) {","      if (error) {","        throw error;","      }","      done();","    }","  );","}","","/**"," * 1. An error occurred, so exit"," */","if (errorMessage) {","  writeError(errorMessage);","  process.exitCode = 1;","} else if (paths.length === 0) {","  /**","   * 2. No files passed, consume input stream","   */","  var source = '';","  process.stdin.setEncoding('utf8');","  process.stdin.resume();","  var timer = setTimeout(function() {","    process.stderr.write('Still waiting for std input...');","  }, 5000);","  process.stdin.on('data', function (chunk) {","    clearTimeout(timer);","    source += chunk;","  });","  process.stdin.on('end', function () {","    try {","      writeResult(parse(source));","    } catch(error) {","      writeError(error);","    }","  });","} else {","  /**","   * 3. Paths are passed","   */","  var result = Object.create(null);","  async.eachSeries(paths, function(filePath, done) {","    fs.stat(filePath, function(error, stats) {","      if (error) {","        writeError(error, filePath);","        done();","        return;","      }","      if (stats.isDirectory()) {","        try {","          traverseDir(filePath, result, done);","        } catch(error) {","          writeError(error);","          done();","        }","      }","      else {","        try {","          result[filePath] = parse(fs.readFileSync(filePath));","        } catch(error) {","          writeError(error, filePath);","        }","        finally {","          done();","        }","      }","    });","  }, function() {","    var resultsPaths = Object.keys(result);","    if (resultsPaths.length === 0) {","      // we must have gotten an error","      process.exitCode = 1;","    } else if (paths.length === 1) { // a single path?","      fs.stat(paths[0], function(error, stats) {","        writeResult(stats.isDirectory() ? result : result[resultsPaths[0]]);","      });","    } else {","      writeResult(result);","    }","  });","}",""],"l":{"12":1,"14":1,"15":0,"16":0,"19":1,"20":1,"21":1,"23":1,"56":1,"58":1,"59":1,"60":1,"61":1,"62":1,"64":1,"65":1,"66":1,"67":1,"68":1,"69":1,"70":1,"72":1,"73":1,"75":1,"77":0,"78":0,"80":0,"81":0,"83":0,"85":0,"86":0,"89":0,"97":1,"98":0,"101":1,"102":0,"103":0,"105":0,"106":0,"107":0,"111":1,"112":0,"115":0,"116":0,"118":0,"122":1,"123":0,"131":0,"132":0,"134":0,"135":0,"137":0,"139":0,"142":0,"143":0,"145":0,"153":1,"154":0,"155":0,"156":1,"160":1,"161":1,"162":1,"163":1,"164":0,"166":1,"167":0,"168":0,"170":1,"171":0,"172":0,"174":0,"181":0,"182":0,"183":0,"184":0,"185":0,"186":0,"187":0,"189":0,"190":0,"191":0,"193":0,"194":0,"198":0,"199":0,"201":0,"204":0,"209":0,"210":0,"212":0,"213":0,"214":0,"215":0,"218":0}}}